20:22:21.437 [CTRL] EP0 IN 18bytes req=0x6
20:22:21.479 [CTRL] EP0 IN 18bytes req=0x6
20:22:21.492 [CTRL] EP0 IN 39bytes req=0x6
20:22:21.500 [CTRL] EP0 IN 4bytes req=0x6
20:22:21.507 [CTRL] EP0 IN 22bytes req=0x6
20:22:21.516 [CTRL] EP0 IN 18bytes req=0x6
20:22:21.525 [CTRL] EP0 IN 39bytes req=0x6
20:22:21.621 [CTRL] EP0 OUT 0bytes req=0x9
20:22:21.637 [CTRL] EP0 IN 2bytes req=0x5f
20:22:21.642 [CTRL] EP0 IN 18bytes req=0x6
20:22:21.648 [CTRL] EP0 OUT 0bytes req=0x-5f
20:22:21.658 [CTRL] EP0 OUT 0bytes req=0x-66
20:22:21.667 [CTRL] EP0 IN 2bytes req=0x-6b
20:22:21.675 [CTRL] EP0 OUT 0bytes req=0x-66
20:22:21.685 [CTRL] EP0 IN 2bytes req=0x-6b
20:22:21.699 [CTRL] EP0 IN 2bytes req=0x-6b
20:22:21.708 [CTRL] EP0 OUT 0bytes req=0x-66
20:22:21.723 [CTRL] EP0 IN 4bytes req=0x6
20:22:21.731 [CTRL] EP0 IN 22bytes req=0x6
20:22:33.186 [CTRL] EP0 OUT 0bytes req=0x-5f
20:22:33.195 [CTRL] EP0 IN 2bytes req=0x-6b
20:22:33.206 [CTRL] EP0 OUT 0bytes req=0x-66
20:22:33.214 [CTRL] EP0 OUT 0bytes req=0x-5c
20:22:33.220 [CTRL] EP0 OUT 0bytes req=0x-5c
20:22:33.227 [CTRL] EP0 IN 2bytes req=0x-6b
20:22:33.234 [CTRL] EP0 OUT 0bytes req=0x-66
20:22:33.241 [CTRL] EP0 OUT 0bytes req=0x-66
20:22:33.244 [BULK] EP2 IN 1bytes seq=57
20:22:33.249 [CTRL] EP0 IN 2bytes req=0x-6b
20:22:33.254 [CTRL] EP0 OUT 0bytes req=0x-5c
20:22:33.262 [CTRL] EP0 OUT 0bytes req=0x-5c
20:22:33.268 [CTRL] EP0 IN 2bytes req=0x-6b
20:22:33.275 [CTRL] EP0 OUT 0bytes req=0x-66
20:22:34.250 [BULK] EP2 IN -1bytes seq=67
20:22:34.250 [BULK] EP2 IN -1bytes seq=69
20:22:34.250 [INTR] EP1 IN -1bytes seq=53
20:22:34.251 [BULK] EP2 IN -1bytes seq=65
20:22:34.252 [BULK] EP2 IN -1bytes seq=63
20:22:34.252 [BULK] EP2 IN -1bytes seq=59
20:22:34.263 [CTRL] EP0 OUT 0bytes req=0x1
20:22:34.270 [CTRL] EP0 OUT 0bytes req=0x1
20:22:34.277 [CTRL] EP0 OUT 0bytes req=0x1
20:22:34.283 [CTRL] EP0 OUT 0bytes req=0x1
20:22:34.290 [CTRL] EP0 OUT 0bytes req=0x1
20:22:34.297 [CTRL] EP0 OUT 0bytes req=0x1
20:22:35.274 [BULK] EP2 IN -1bytes seq=75
20:22:35.274 [BULK] EP2 IN -1bytes seq=77
20:22:35.274 [INTR] EP1 IN -1bytes seq=93
20:22:35.274 [BULK] EP2 IN -1bytes seq=71
20:22:35.275 [BULK] EP2 IN -1bytes seq=81
20:22:35.274 [BULK] EP2 IN -1bytes seq=73
20:22:35.294 [CTRL] EP0 OUT 0bytes req=0x1
20:22:35.301 [CTRL] EP0 OUT 0bytes req=0x1
20:22:35.309 [CTRL] EP0 OUT 0bytes req=0x1
20:22:35.317 [CTRL] EP0 OUT 0bytes req=0x1
20:22:35.325 [CTRL] EP0 OUT 0bytes req=0x1
20:22:35.332 [CTRL] EP0 OUT 0bytes req=0x1
20:22:36.297 [BULK] EP2 IN -1bytes seq=103
20:22:36.297 [BULK] EP2 IN -1bytes seq=117
20:22:36.297 [BULK] EP2 IN -1bytes seq=101
20:22:36.298 [BULK] EP2 IN -1bytes seq=97
20:22:36.300 [BULK] EP2 IN -1bytes seq=99
20:22:36.300 [BULK] EP2 IN -1bytes seq=95
20:22:36.323 [CTRL] EP0 OUT 0bytes req=0x1
20:22:36.331 [CTRL] EP0 OUT 0bytes req=0x1
20:22:36.337 [CTRL] EP0 OUT 0bytes req=0x1
20:22:36.343 [CTRL] EP0 OUT 0bytes req=0x1
20:22:36.350 [CTRL] EP0 OUT 0bytes req=0x1
20:22:36.358 [CTRL] EP0 OUT 0bytes req=0x1
20:22:37.321 [BULK] EP2 IN -1bytes seq=125
20:22:37.321 [INTR] EP1 IN -1bytes seq=119
20:22:37.321 [BULK] EP2 IN -1bytes seq=121
20:22:37.321 [BULK] EP2 IN -1bytes seq=123
20:22:37.321 [BULK] EP2 IN -1bytes seq=127
20:22:37.335 [CTRL] EP0 OUT 0bytes req=0x1
20:22:37.344 [BULK] EP2 IN 32bytes seq=141
20:22:37.344 [BULK] EP2 IN 21bytes seq=143
20:22:37.347 [BULK] EP2 IN 32bytes seq=151
20:22:37.347 [BULK] EP2 IN 32bytes seq=145
20:22:37.354 [INTR] EP1 IN 4bytes seq=165
20:22:37.347 [BULK] EP2 IN 32bytes seq=149
20:22:37.350 [BULK] EP2 IN 32bytes seq=147
20:22:37.354 [CTRL] EP0 OUT 0bytes req=0x1
20:22:37.364 [CTRL] EP0 OUT 0bytes req=0x1
20:22:37.369 [CTRL] EP0 OUT 0bytes req=0x1
20:22:37.375 [CTRL] EP0 OUT 0bytes req=0x1
20:22:37.381 [CTRL] EP0 OUT 0bytes req=0x-66
20:22:38.309 [BULK] EP2 IN 32bytes seq=167
20:22:38.309 [BULK] EP2 IN 32bytes seq=169
20:22:38.311 [BULK] EP2 IN 18bytes seq=171
20:22:38.376 [BULK] EP2 IN -1bytes seq=179
20:22:38.376 [BULK] EP2 IN -1bytes seq=173
20:22:38.376 [BULK] EP2 IN -1bytes seq=177
20:22:38.382 [INTR] EP1 IN 4bytes seq=197
20:22:38.390 [CTRL] EP0 OUT 0bytes req=0x-66
20:22:38.397 [CTRL] EP0 OUT 0bytes req=0x1
20:22:38.410 [CTRL] EP0 OUT 0bytes req=0x1
20:22:38.419 [CTRL] EP0 OUT 0bytes req=0x1
20:22:38.710 [BULK] EP2 IN 32bytes seq=181
20:22:38.710 [BULK] EP2 IN 32bytes seq=183
20:22:38.711 [BULK] EP2 IN 3bytes seq=185
20:22:38.740 [BULK] EP2 IN 32bytes seq=187
20:22:38.741 [BULK] EP2 IN 32bytes seq=199
20:22:38.743 [BULK] EP2 IN 11bytes seq=201
20:22:38.763 [BULK] EP2 IN 32bytes seq=203
20:22:38.765 [BULK] EP2 IN 7bytes seq=207
20:22:38.769 [BULK] EP2 IN 22bytes seq=209
20:22:38.850 [BULK] EP2 IN 32bytes seq=211
20:22:38.858 [INTR] EP1 IN 4bytes seq=215
20:22:38.860 [BULK] EP2 IN 7bytes seq=221
20:22:38.860 [BULK] EP2 IN 32bytes seq=223
20:22:38.863 [BULK] EP2 IN 32bytes seq=225
20:22:38.864 [BULK] EP2 IN 32bytes seq=233
20:22:38.864 [BULK] EP2 IN 32bytes seq=229
20:22:38.864 [BULK] EP2 IN 32bytes seq=231
20:22:38.864 [BULK] EP2 IN 32bytes seq=227
20:22:38.865 [BULK] EP2 IN 32bytes seq=235
20:22:38.865 [BULK] EP2 IN 32bytes seq=237
20:22:38.866 [BULK] EP2 IN 32bytes seq=239
20:22:38.867 [CTRL] EP0 OUT 0bytes req=0x-66
20:22:38.872 [BULK] EP2 IN 32bytes seq=245
20:22:38.872 [BULK] EP2 IN 32bytes seq=243
20:22:38.898 [BULK] EP2 IN 32bytes seq=249
20:22:38.898 [BULK] EP2 IN 32bytes seq=251
20:22:38.898 [BULK] EP2 IN 32bytes seq=253
20:22:38.899 [BULK] EP2 IN 32bytes seq=247
20:22:38.900 [BULK] EP2 IN 12bytes seq=255
20:22:38.903 [INTR] EP1 IN 4bytes seq=263
20:22:38.903 [BULK] EP2 IN 32bytes seq=257
20:22:38.903 [BULK] EP2 IN 32bytes seq=259
20:22:38.904 [BULK] EP2 IN 25bytes seq=261
20:22:38.908 [CTRL] EP0 OUT 0bytes req=0x-66
20:22:38.923 [BULK] EP2 IN 11bytes seq=265
20:22:38.924 [BULK] EP2 IN 32bytes seq=267
20:22:38.925 [BULK] EP2 IN 22bytes seq=269
20:22:38.963 [BULK] EP2 IN 32bytes seq=273
20:22:38.963 [BULK] EP2 IN 32bytes seq=275
20:22:38.965 [BULK] EP2 IN 9bytes seq=277
20:22:38.971 [INTR] EP1 IN 4bytes seq=285
20:22:38.977 [CTRL] EP0 OUT 0bytes req=0x-66
20:22:38.978 [BULK] EP2 IN 32bytes seq=279
20:22:38.978 [BULK] EP2 IN 32bytes seq=281
20:22:38.980 [BULK] EP2 IN 28bytes seq=283
20:22:38.984 [BULK] EP2 IN 32bytes seq=287
20:22:38.986 [BULK] EP2 IN 4bytes seq=289
20:22:38.988 [BULK] EP2 IN 30bytes seq=291
20:22:39.191 [BULK] EP2 IN 16bytes seq=293
20:22:39.198 [BULK] EP2 IN 32bytes seq=295
20:22:39.198 [BULK] EP2 IN 32bytes seq=297
20:22:39.200 [BULK] EP2 IN 6bytes seq=299
20:22:39.207 [BULK] EP2 IN 32bytes seq=305
20:22:39.209 [BULK] EP2 IN 29bytes seq=307
20:22:39.255 [BULK] EP2 IN 32bytes seq=309
20:22:39.257 [BULK] EP2 IN 31bytes seq=311
20:22:39.267 [BULK] EP2 IN 32bytes seq=313
20:22:39.267 [BULK] EP2 IN 32bytes seq=315
20:22:39.267 [BULK] EP2 IN 32bytes seq=317
20:22:39.268 [BULK] EP2 IN 32bytes seq=319
20:22:39.268 [BULK] EP2 IN 32bytes seq=321
20:22:39.269 [BULK] EP2 IN 32bytes seq=323
20:22:39.269 [BULK] EP2 IN 32bytes seq=325
20:22:39.270 [INTR] EP1 IN 4bytes seq=303
20:22:39.270 [BULK] EP2 IN 32bytes seq=327
20:22:39.271 [BULK] EP2 IN 32bytes seq=329
20:22:39.272 [BULK] EP2 IN 23bytes seq=331
20:22:39.279 [CTRL] EP0 OUT 0bytes req=0x-66
20:22:39.761 [BULK] EP2 IN 32bytes seq=333
20:22:39.761 [BULK] EP2 IN 32bytes seq=337
20:22:39.761 [BULK] EP2 IN 32bytes seq=341
20:22:39.761 [BULK] EP2 IN 32bytes seq=343
20:22:39.761 [BULK] EP2 IN 32bytes seq=335
20:22:39.773 [BULK] EP2 IN 30bytes seq=353
20:22:39.767 [BULK] EP2 IN 32bytes seq=345
20:22:39.768 [BULK] EP2 IN 32bytes seq=349
20:22:39.771 [BULK] EP2 IN 32bytes seq=351
20:22:39.761 [BULK] EP2 IN 32bytes seq=339
20:22:39.775 [INTR] EP1 IN 4bytes seq=355
20:22:39.783 [CTRL] EP0 OUT 0bytes req=0x-66
20:22:40.406 [BULK] EP2 IN 32bytes seq=359
20:22:40.406 [BULK] EP2 IN 32bytes seq=357
20:22:40.407 [BULK] EP2 IN 32bytes seq=361
20:22:40.407 [BULK] EP2 IN 32bytes seq=363
20:22:40.408 [BULK] EP2 IN 32bytes seq=367
20:22:40.408 [BULK] EP2 IN 32bytes seq=365
20:22:40.413 [BULK] EP2 IN 32bytes seq=369
20:22:40.416 [INTR] EP1 IN 4bytes seq=379
20:22:40.414 [BULK] EP2 IN 32bytes seq=373
20:22:40.415 [BULK] EP2 IN 32bytes seq=375
20:22:40.413 [BULK] EP2 IN 32bytes seq=371
20:22:40.747 [CTRL] EP0 OUT 0bytes req=0x-66
20:22:40.747 [BULK] EP2 IN 32bytes seq=381
20:22:40.751 [BULK] EP2 IN 32bytes seq=385
20:22:40.751 [BULK] EP2 IN 32bytes seq=387
20:22:40.753 [BULK] EP2 IN 32bytes seq=391
20:22:40.753 [BULK] EP2 IN 32bytes seq=389
20:22:40.753 [BULK] EP2 IN 32bytes seq=393
20:22:40.754 [BULK] EP2 IN 32bytes seq=395
20:22:40.754 [BULK] EP2 IN 32bytes seq=397
20:22:40.754 [BULK] EP2 IN 32bytes seq=399
20:22:40.755 [BULK] EP2 IN 32bytes seq=401
20:22:40.756 [BULK] EP2 IN 32bytes seq=405
20:22:40.756 [INTR] EP1 IN 4bytes seq=403
20:22:40.761 [BULK] EP2 IN 4bytes seq=407
20:22:40.761 [BULK] EP2 IN 32bytes seq=409
20:22:40.766 [BULK] EP2 IN 32bytes seq=411
20:22:40.766 [BULK] EP2 IN 32bytes seq=413
20:22:40.772 [BULK] EP2 IN 32bytes seq=423
20:22:40.768 [BULK] EP2 IN 32bytes seq=421
20:22:40.768 [BULK] EP2 IN 32bytes seq=417
20:22:40.768 [BULK] EP2 IN 32bytes seq=419
20:22:40.768 [CTRL] EP0 OUT 0bytes req=0x-66
20:22:40.767 [BULK] EP2 IN 32bytes seq=415
20:22:40.773 [BULK] EP2 IN 32bytes seq=425
20:22:40.774 [BULK] EP2 IN 32bytes seq=429
20:22:40.776 [BULK] EP2 IN 32bytes seq=431
20:22:40.777 [BULK] EP2 IN 32bytes seq=433
20:22:40.777 [BULK] EP2 IN 32bytes seq=435
20:22:40.781 [BULK] EP2 IN 32bytes seq=437
20:22:40.781 [BULK] EP2 IN 32bytes seq=441
20:22:40.782 [BULK] EP2 IN 32bytes seq=443
20:22:40.782 [BULK] EP2 IN 32bytes seq=447
20:22:40.782 [BULK] EP2 IN 32bytes seq=445
20:22:40.782 [INTR] EP1 IN 4bytes seq=439
20:22:40.783 [BULK] EP2 IN 32bytes seq=449
20:22:40.783 [BULK] EP2 IN 32bytes seq=451
20:22:40.785 [BULK] EP2 IN 32bytes seq=453
20:22:40.786 [BULK] EP2 IN 32bytes seq=455
20:22:40.787 [BULK] EP2 IN 32bytes seq=457
20:22:40.788 [BULK] EP2 IN 32bytes seq=459
20:22:40.788 [BULK] EP2 IN 32bytes seq=461
20:22:40.788 [BULK] EP2 IN 32bytes seq=463
20:22:40.790 [BULK] EP2 IN 32bytes seq=465
20:22:40.790 [BULK] EP2 IN 32bytes seq=467
20:22:40.791 [CTRL] EP0 OUT 0bytes req=0x-66
20:22:40.795 [BULK] EP2 IN 32bytes seq=471
20:22:40.795 [BULK] EP2 IN 32bytes seq=473
20:22:40.797 [BULK] EP2 IN 32bytes seq=475
20:22:40.797 [BULK] EP2 IN 32bytes seq=477
20:22:40.799 [BULK] EP2 IN 3bytes seq=479
20:22:40.799 [INTR] EP1 IN 4bytes seq=489
20:22:40.806 [CTRL] EP0 OUT 0bytes req=0x-66
20:22:40.865 [BULK] EP2 IN 32bytes seq=481
20:22:40.865 [BULK] EP2 IN 32bytes seq=483
20:22:40.866 [BULK] EP2 IN 32bytes seq=485
20:22:40.866 [BULK] EP2 IN 32bytes seq=487
20:22:40.866 [BULK] EP2 IN 32bytes seq=491
20:22:40.866 [BULK] EP2 IN 32bytes seq=493
20:22:40.867 [BULK] EP2 IN 32bytes seq=495
20:22:40.868 [BULK] EP2 IN 21bytes seq=497
20:22:40.872 [INTR] EP1 IN 4bytes seq=505
20:22:40.873 [BULK] EP2 IN 32bytes seq=499
20:22:40.873 [BULK] EP2 IN 32bytes seq=501
20:22:40.876 [BULK] EP2 IN 32bytes seq=507
20:22:40.876 [BULK] EP2 IN 32bytes seq=509
20:22:40.877 [BULK] EP2 IN 32bytes seq=511
20:22:40.877 [BULK] EP2 IN 32bytes seq=513
20:22:40.877 [BULK] EP2 IN 32bytes seq=515
20:22:40.877 [BULK] EP2 IN 32bytes seq=517
20:22:40.877 [BULK] EP2 IN 32bytes seq=519
20:22:40.881 [CTRL] EP0 OUT 0bytes req=0x-66
20:22:40.881 [BULK] EP2 IN 32bytes seq=521
20:22:40.884 [BULK] EP2 IN 32bytes seq=527
20:22:40.887 [BULK] EP2 IN 18bytes seq=535
20:22:40.885 [BULK] EP2 IN 32bytes seq=529
20:22:40.885 [BULK] EP2 IN 32bytes seq=533
20:22:40.885 [BULK] EP2 IN 32bytes seq=531
20:22:40.884 [BULK] EP2 IN 32bytes seq=525
20:22:40.893 [INTR] EP1 IN 4bytes seq=543
20:22:40.898 [CTRL] EP0 OUT 0bytes req=0x-66
20:22:41.077 [BULK] EP2 IN 32bytes seq=537
20:22:41.077 [BULK] EP2 IN 32bytes seq=539
20:22:41.078 [BULK] EP2 IN 29bytes seq=541
20:22:41.293 [BULK] EP2 IN 32bytes seq=553
20:22:41.293 [BULK] EP2 IN 32bytes seq=555
20:22:41.301 [BULK] EP2 IN 32bytes seq=559
20:22:41.295 [BULK] EP2 IN 32bytes seq=545
20:22:41.295 [BULK] EP2 IN 32bytes seq=557
20:22:41.295 [BULK] EP2 IN 32bytes seq=551
20:22:41.293 [BULK] EP2 IN 32bytes seq=547
20:22:41.303 [INTR] EP1 IN 4bytes seq=561
20:22:41.309 [BULK] EP2 IN 32bytes seq=563
20:22:41.315 [CTRL] EP0 OUT 0bytes req=0x-66
20:22:41.317 [BULK] EP2 IN 32bytes seq=567
20:22:41.317 [BULK] EP2 IN 32bytes seq=565
20:22:41.318 [BULK] EP2 IN 8bytes seq=569
20:22:41.343 [BULK] EP2 IN 32bytes seq=575
20:22:41.343 [BULK] EP2 IN 32bytes seq=573
20:22:41.344 [BULK] EP2 IN 32bytes seq=577
20:22:41.344 [BULK] EP2 IN 32bytes seq=579
20:22:41.344 [BULK] EP2 IN 32bytes seq=581
20:22:41.344 [BULK] EP2 IN 32bytes seq=583
20:22:41.346 [BULK] EP2 IN 32bytes seq=587
20:22:41.346 [INTR] EP1 IN 4bytes seq=585
20:22:41.347 [BULK] EP2 IN 32bytes seq=589
20:22:41.354 [CTRL] EP0 OUT 0bytes req=0x-66
20:22:41.371 [BULK] EP2 IN 32bytes seq=593
20:22:41.372 [BULK] EP2 IN 8bytes seq=595
20:22:41.371 [BULK] EP2 IN 32bytes seq=591
20:22:41.397 [BULK] EP2 IN 32bytes seq=599
20:22:41.397 [BULK] EP2 IN 32bytes seq=597
20:22:41.397 [BULK] EP2 IN 32bytes seq=601
20:22:41.397 [BULK] EP2 IN 32bytes seq=603
20:22:41.397 [BULK] EP2 IN 32bytes seq=605
20:22:41.398 [BULK] EP2 IN 32bytes seq=609
20:22:41.399 [BULK] EP2 IN 32bytes seq=611
20:22:41.400 [INTR] EP1 IN 4bytes seq=613
20:22:41.518 [CTRL] EP0 OUT 0bytes req=0x-66
20:22:41.518 [BULK] EP2 IN 32bytes seq=615
20:22:41.518 [BULK] EP2 IN 32bytes seq=621
20:22:41.520 [BULK] EP2 IN 27bytes seq=617
20:22:41.848 [BULK] EP2 IN 32bytes seq=625
20:22:41.848 [BULK] EP2 IN 32bytes seq=619
20:22:41.850 [BULK] EP2 IN 26bytes seq=629
20:22:41.849 [BULK] EP2 IN 32bytes seq=627
20:22:41.851 [INTR] EP1 IN 4bytes seq=637
20:22:41.854 [BULK] EP2 IN 32bytes seq=631
20:22:41.855 [BULK] EP2 IN 32bytes seq=641
20:22:41.855 [BULK] EP2 IN 32bytes seq=635
20:22:41.855 [BULK] EP2 IN 32bytes seq=639
20:22:41.854 [BULK] EP2 IN 32bytes seq=633
20:22:41.864 [CTRL] EP0 OUT 0bytes req=0x-66
20:22:41.864 [BULK] EP2 IN 20bytes seq=643
20:22:41.866 [BULK] EP2 IN 32bytes seq=649
20:22:41.866 [BULK] EP2 IN 32bytes seq=647
20:22:41.867 [BULK] EP2 IN 19bytes seq=651
20:22:42.234 [BULK] EP2 IN 32bytes seq=655
20:22:42.234 [BULK] EP2 IN 32bytes seq=653
20:22:42.235 [BULK] EP2 IN 7bytes seq=657
20:22:42.242 [INTR] EP1 IN 4bytes seq=665
20:22:42.246 [BULK] EP2 IN 32bytes seq=659
20:22:42.247 [BULK] EP2 IN 31bytes seq=661
20:22:42.253 [CTRL] EP0 OUT 0bytes req=0x-66
20:22:42.465 [BULK] EP2 IN 32bytes seq=663
20:22:42.469 [BULK] EP2 IN 15bytes seq=667
20:22:42.544 [BULK] EP2 IN 32bytes seq=669
20:22:42.544 [BULK] EP2 IN 32bytes seq=671
20:22:42.546 [BULK] EP2 IN 27bytes seq=673
20:22:42.550 [INTR] EP1 IN 4bytes seq=687
20:22:42.564 [CTRL] EP0 OUT 0bytes req=0x-66
20:22:42.568 [BULK] EP2 IN 32bytes seq=675
20:22:42.569 [BULK] EP2 IN 32bytes seq=677
20:22:42.569 [BULK] EP2 IN 32bytes seq=679
20:22:42.570 [BULK] EP2 IN 5bytes seq=683
20:22:42.632 [BULK] EP2 IN 32bytes seq=685
20:22:42.633 [BULK] EP2 IN 17bytes seq=689
20:22:42.706 [BULK] EP2 IN 32bytes seq=691
20:22:42.707 [BULK] EP2 IN 4bytes seq=693
20:22:42.869 [BULK] EP2 IN 32bytes seq=699
20:22:42.869 [BULK] EP2 IN 32bytes seq=697
20:22:42.870 [BULK] EP2 IN 7bytes seq=703
20:22:43.004 [BULK] EP2 IN 28bytes seq=705
20:22:43.230 [BULK] EP2 IN 32bytes seq=707
20:22:43.232 [BULK] EP2 IN 28bytes seq=709
20:22:43.245 [BULK] EP2 IN 32bytes seq=711
20:22:43.247 [BULK] EP2 IN 11bytes seq=713
20:22:43.274 [BULK] EP2 IN 32bytes seq=715
20:22:43.275 [BULK] EP2 IN 7bytes seq=719
20:22:43.274 [BULK] EP2 IN 32bytes seq=717
20:22:43.337 [BULK] EP2 IN 32bytes seq=721
20:22:43.338 [BULK] EP2 IN 22bytes seq=723
20:22:43.353 [BULK] EP2 IN 18bytes seq=725
20:22:43.361 [BULK] EP2 IN 4bytes seq=727
20:22:43.376 [BULK] EP2 IN 16bytes seq=729
20:22:43.384 [BULK] EP2 IN 4bytes seq=731
20:22:43.410 [BULK] EP2 IN 16bytes seq=733
20:22:43.442 [BULK] EP2 IN 4bytes seq=735
20:22:43.626 [BULK] EP2 IN 32bytes seq=739
20:22:43.626 [BULK] EP2 IN 32bytes seq=737
20:22:43.627 [BULK] EP2 IN 25bytes seq=741
20:22:43.656 [INTR] EP1 IN -1bytes seq=701
20:22:43.661 [BULK] EP2 IN 32bytes seq=743
20:22:43.662 [BULK] EP2 IN 32bytes seq=747
20:22:43.661 [BULK] EP2 IN 32bytes seq=745
20:22:43.662 [BULK] EP2 IN 32bytes seq=749
20:22:43.663 [BULK] EP2 IN 32bytes seq=751
20:22:43.663 [BULK] EP2 IN 32bytes seq=753
20:22:43.663 [BULK] EP2 IN 32bytes seq=755
20:22:43.664 [BULK] EP2 IN 32bytes seq=757
20:22:43.664 [BULK] EP2 IN 32bytes seq=759
20:22:43.665 [BULK] EP2 IN 14bytes seq=761
20:22:43.669 [CTRL] EP0 OUT 0bytes req=0x1
20:22:43.758 [BULK] EP2 IN 32bytes seq=763
20:22:43.758 [BULK] EP2 IN 32bytes seq=769
20:22:43.759 [BULK] EP2 IN 24bytes seq=771
20:22:43.806 [BULK] EP2 IN 32bytes seq=773
20:22:43.806 [BULK] EP2 IN 32bytes seq=775
20:22:43.806 [BULK] EP2 IN 32bytes seq=777
20:22:43.806 [BULK] EP2 IN 32bytes seq=779
20:22:43.807 [BULK] EP2 IN 32bytes seq=781
20:22:43.808 [BULK] EP2 IN 22bytes seq=783
20:22:43.811 [BULK] EP2 IN 32bytes seq=785
20:22:43.812 [BULK] EP2 IN 32bytes seq=787
20:22:43.812 [BULK] EP2 IN 32bytes seq=789
20:22:43.813 [BULK] EP2 IN 12bytes seq=791
20:22:44.160 [BULK] EP2 IN 32bytes seq=795
20:22:44.160 [BULK] EP2 IN 32bytes seq=793
20:22:44.161 [BULK] EP2 IN 3bytes seq=797
20:22:44.186 [BULK] EP2 IN 32bytes seq=799
20:22:44.187 [BULK] EP2 IN 32bytes seq=801
20:22:44.212 [BULK] EP2 IN 32bytes seq=805
20:22:44.214 [BULK] EP2 IN 4bytes seq=807
20:22:44.212 [BULK] EP2 IN 32bytes seq=803
20:22:44.238 [BULK] EP2 IN 32bytes seq=809
20:22:44.239 [BULK] EP2 IN 32bytes seq=811
20:22:44.239 [BULK] EP2 IN 1bytes seq=813
20:22:44.244 [BULK] EP2 IN 32bytes seq=815
20:22:44.245 [BULK] EP2 IN 32bytes seq=817
20:22:44.246 [BULK] EP2 IN 2bytes seq=819
20:22:44.294 [BULK] EP2 IN 32bytes seq=821
20:22:44.296 [BULK] EP2 IN 30bytes seq=823
20:22:44.319 [BULK] EP2 IN 32bytes seq=825
20:22:44.319 [BULK] EP2 IN 32bytes seq=827
20:22:44.320 [BULK] EP2 IN 6bytes seq=829
20:22:44.343 [BULK] EP2 IN 32bytes seq=831
20:22:44.343 [BULK] EP2 IN 32bytes seq=833
20:22:44.345 [BULK] EP2 IN 4bytes seq=835
20:22:44.375 [BULK] EP2 IN 32bytes seq=837
20:22:44.375 [BULK] EP2 IN 32bytes seq=839
20:22:44.376 [BULK] EP2 IN 1bytes seq=841
20:22:44.399 [BULK] EP2 IN 32bytes seq=843
20:22:44.399 [BULK] EP2 IN 32bytes seq=845
20:22:44.400 [BULK] EP2 IN 1bytes seq=847
20:22:44.429 [BULK] EP2 IN 32bytes seq=849
20:22:44.429 [BULK] EP2 IN 32bytes seq=851
20:22:44.430 [BULK] EP2 IN 3bytes seq=853
20:22:44.492 [BULK] EP2 IN 32bytes seq=857
20:22:44.492 [BULK] EP2 IN 32bytes seq=855
20:22:44.494 [BULK] EP2 IN 18bytes seq=859
20:22:44.496 [BULK] EP2 IN 32bytes seq=861
20:22:44.496 [BULK] EP2 IN 32bytes seq=863
20:22:44.498 [BULK] EP2 IN 18bytes seq=865
20:22:44.503 [BULK] EP2 IN 32bytes seq=867
20:22:44.504 [BULK] EP2 IN 32bytes seq=869
20:22:44.505 [BULK] EP2 IN 18bytes seq=871
20:22:44.508 [BULK] EP2 IN 32bytes seq=873
20:22:44.508 [BULK] EP2 IN 32bytes seq=875
20:22:44.509 [BULK] EP2 IN 18bytes seq=877
20:22:44.512 [BULK] EP2 IN 32bytes seq=879
20:22:44.512 [BULK] EP2 IN 32bytes seq=881
20:22:44.513 [BULK] EP2 IN 18bytes seq=883
20:22:44.530 [BULK] EP2 IN 32bytes seq=885
20:22:44.531 [BULK] EP2 IN 22bytes seq=887
20:22:44.534 [BULK] EP2 IN 32bytes seq=889
20:22:44.534 [BULK] EP2 IN 32bytes seq=891
20:22:44.535 [BULK] EP2 IN 17bytes seq=893
20:22:44.537 [BULK] EP2 IN 32bytes seq=895
20:22:44.539 [BULK] EP2 IN 29bytes seq=897
20:22:44.542 [BULK] EP2 IN 32bytes seq=899
20:22:44.543 [BULK] EP2 IN 11bytes seq=901
20:22:44.546 [BULK] EP2 IN 32bytes seq=903
20:22:44.547 [BULK] EP2 IN 13bytes seq=905
20:22:44.680 [INTR] EP1 IN -1bytes seq=767
20:22:44.691 [CTRL] EP0 OUT 0bytes req=0x1
20:22:44.768 [BULK] EP2 IN 32bytes seq=907
20:22:44.768 [BULK] EP2 IN 32bytes seq=909
20:22:44.771 [BULK] EP2 IN 32bytes seq=911
20:22:44.771 [BULK] EP2 IN 32bytes seq=913
20:22:44.773 [BULK] EP2 IN 16bytes seq=915
20:22:44.800 [BULK] EP2 IN 32bytes seq=917
20:22:44.800 [BULK] EP2 IN 32bytes seq=919
20:22:44.803 [BULK] EP2 IN 2bytes seq=921
20:22:44.803 [BULK] EP2 IN 32bytes seq=923
20:22:44.805 [BULK] EP2 IN 16bytes seq=931
20:22:44.804 [BULK] EP2 IN 32bytes seq=925
20:22:44.936 [BULK] EP2 IN 32bytes seq=933
20:22:44.937 [BULK] EP2 IN 11bytes seq=935
20:22:44.953 [BULK] EP2 IN 32bytes seq=937
20:22:44.954 [BULK] EP2 IN 32bytes seq=939
20:22:44.955 [BULK] EP2 IN 5bytes seq=941
20:22:45.087 [BULK] EP2 IN 32bytes seq=943
20:22:45.088 [BULK] EP2 IN 31bytes seq=945
20:22:45.172 [BULK] EP2 IN 28bytes seq=947
20:22:45.379 [BULK] EP2 IN 32bytes seq=949
20:22:45.381 [BULK] EP2 IN 20bytes seq=951
20:22:45.801 [INTR] EP1 IN -1bytes seq=929
20:22:45.820 [CTRL] EP0 OUT 0bytes req=0x1
20:22:46.089 [BULK] EP2 IN -1bytes seq=955
20:22:46.089 [BULK] EP2 IN -1bytes seq=953
20:22:46.102 [CTRL] EP0 OUT 0bytes req=0x1
20:22:46.110 [CTRL] EP0 OUT 0bytes req=0x1
20:22:46.185 [BULK] EP2 IN -1bytes seq=957
20:22:46.205 [CTRL] EP0 OUT 0bytes req=0x1
20:22:46.408 [BULK] EP2 IN -1bytes seq=961
20:22:46.408 [BULK] EP2 IN -1bytes seq=959
20:22:46.428 [CTRL] EP0 OUT 0bytes req=0x1
20:22:46.436 [CTRL] EP0 OUT 0bytes req=0x1
20:22:46.824 [BULK] EP2 IN -1bytes seq=963
20:22:46.837 [CTRL] EP0 OUT 0bytes req=0x1
20:22:47.113 [BULK] EP2 IN -1bytes seq=967
20:22:47.113 [BULK] EP2 IN -1bytes seq=965
20:22:47.127 [CTRL] EP0 OUT 0bytes req=0x1
20:22:47.135 [CTRL] EP0 OUT 0bytes req=0x1
20:22:47.208 [BULK] EP2 IN -1bytes seq=969
20:22:47.217 [CTRL] EP0 OUT 0bytes req=0x1
20:22:47.433 [BULK] EP2 IN -1bytes seq=971
20:22:47.433 [INTR] EP1 IN -1bytes seq=975
20:22:47.447 [CTRL] EP0 OUT 0bytes req=0x1
20:22:47.456 [CTRL] EP0 OUT 0bytes req=0x1
20:22:47.849 [BULK] EP2 IN -1bytes seq=979
20:22:47.867 [CTRL] EP0 OUT 0bytes req=0x1
20:22:48.137 [BULK] EP2 IN -1bytes seq=987
20:22:48.137 [BULK] EP2 IN -1bytes seq=981
20:22:48.152 [CTRL] EP0 OUT 0bytes req=0x1
20:22:48.160 [CTRL] EP0 OUT 0bytes req=0x1
20:22:48.232 [BULK] EP2 IN -1bytes seq=991
20:22:48.242 [CTRL] EP0 OUT 0bytes req=0x1
20:22:48.457 [BULK] EP2 IN -1bytes seq=999
20:22:48.460 [BULK] EP2 IN -1bytes seq=993
20:22:48.469 [CTRL] EP0 OUT 0bytes req=0x1
20:22:48.475 [CTRL] EP0 OUT 0bytes req=0x1
20:22:48.873 [BULK] EP2 IN -1bytes seq=1003
20:22:48.888 [CTRL] EP0 OUT 0bytes req=0x1
20:22:49.161 [BULK] EP2 IN -1bytes seq=1005
20:22:49.161 [BULK] EP2 IN -1bytes seq=1011
20:22:49.173 [CTRL] EP0 OUT 0bytes req=0x1
20:22:49.181 [CTRL] EP0 OUT 0bytes req=0x1
20:22:49.256 [BULK] EP2 IN -1bytes seq=1015
20:22:49.267 [CTRL] EP0 OUT 0bytes req=0x1
20:22:49.482 [BULK] EP2 IN -1bytes seq=1023
20:22:49.482 [INTR] EP1 IN -1bytes seq=1017
20:22:49.496 [CTRL] EP0 OUT 0bytes req=0x1
20:22:49.503 [CTRL] EP0 OUT 0bytes req=0x1
20:22:49.897 [BULK] EP2 IN -1bytes seq=1027
20:22:49.915 [CTRL] EP0 OUT 0bytes req=0x1
20:22:50.189 [BULK] EP2 IN -1bytes seq=1029
20:22:50.189 [BULK] EP2 IN -1bytes seq=1035
20:22:50.209 [CTRL] EP0 OUT 0bytes req=0x1
20:22:50.215 [CTRL] EP0 OUT 0bytes req=0x1
20:22:50.280 [BULK] EP2 IN -1bytes seq=1039
20:22:50.289 [CTRL] EP0 OUT 0bytes req=0x1
20:22:50.505 [BULK] EP2 IN -1bytes seq=1047
20:22:50.505 [BULK] EP2 IN -1bytes seq=1041
20:22:50.520 [CTRL] EP0 OUT 0bytes req=0x1
20:22:50.528 [CTRL] EP0 OUT 0bytes req=0x1
20:22:50.921 [BULK] EP2 IN -1bytes seq=1051
20:22:50.937 [CTRL] EP0 OUT 0bytes req=0x1
20:22:51.208 [BULK] EP2 IN -1bytes seq=1059
20:22:51.208 [BULK] EP2 IN -1bytes seq=1053
20:22:51.227 [CTRL] EP0 OUT 0bytes req=0x1
20:22:51.234 [CTRL] EP0 OUT 0bytes req=0x1
20:22:51.305 [BULK] EP2 IN -1bytes seq=1063
20:22:51.317 [CTRL] EP0 OUT 0bytes req=0x1
20:22:51.361 [BULK] EP2 IN 32bytes seq=1071
20:22:51.362 [BULK] EP2 IN 7bytes seq=1075
20:22:51.460 [BULK] EP2 IN 32bytes seq=1077
20:22:51.461 [BULK] EP2 IN 18bytes seq=1083
20:22:51.528 [INTR] EP1 IN -1bytes seq=1065
20:22:51.536 [CTRL] EP0 OUT 0bytes req=0x1
20:22:52.329 [BULK] EP2 IN -1bytes seq=1087
20:22:52.348 [CTRL] EP0 OUT 0bytes req=0x1
20:22:52.360 [BULK] EP2 IN -1bytes seq=1095
20:22:52.360 [BULK] EP2 IN -1bytes seq=1089
20:22:52.372 [CTRL] EP0 OUT 0bytes req=0x1
20:22:52.381 [CTRL] EP0 OUT 0bytes req=0x1
20:22:52.473 [BULK] EP2 IN 6bytes seq=1099
20:22:52.488 [BULK] EP2 IN -1bytes seq=1101
20:22:52.499 [CTRL] EP0 OUT 0bytes req=0x1
20:22:52.552 [BULK] EP2 IN -1bytes seq=1107
20:22:52.561 [CTRL] EP0 OUT 0bytes req=0x1
20:22:52.724 [BULK] EP2 IN 4bytes seq=1109
20:22:52.803 [BULK] EP2 IN 29bytes seq=1111
20:22:52.949 [BULK] EP2 IN 6bytes seq=1113
20:22:53.006 [BULK] EP2 IN 21bytes seq=1115
20:22:53.018 [BULK] EP2 IN 4bytes seq=1123
20:22:53.054 [BULK] EP2 IN 18bytes seq=1127
20:22:53.325 [BULK] EP2 IN 4bytes seq=1129
20:22:53.513 [INTR] EP1 IN -1bytes seq=1119
20:22:53.527 [CTRL] EP0 OUT 0bytes req=0x1
20:22:53.704 [BULK] EP2 IN 15bytes seq=1133
20:22:53.894 [BULK] EP2 IN 4bytes seq=1137
20:22:53.898 [BULK] EP2 IN 32bytes seq=1143
20:22:53.898 [BULK] EP2 IN 32bytes seq=1141
20:22:53.900 [BULK] EP2 IN 1bytes seq=1145
20:22:53.950 [BULK] EP2 IN 31bytes seq=1147
20:22:53.969 [BULK] EP2 IN 31bytes seq=1149
20:22:54.017 [BULK] EP2 IN 32bytes seq=1151
20:22:54.018 [BULK] EP2 IN 10bytes seq=1153
20:22:54.023 [BULK] EP2 IN 29bytes seq=1155
20:22:54.083 [BULK] EP2 IN 32bytes seq=1161
20:22:54.085 [BULK] EP2 IN 14bytes seq=1163
20:22:54.226 [BULK] EP2 IN 32bytes seq=1167
20:22:54.226 [BULK] EP2 IN 32bytes seq=1165
20:22:54.227 [BULK] EP2 IN 26bytes seq=1169
20:22:54.922 [INTR] EP1 IN -1bytes seq=1159
20:22:54.936 [CTRL] EP0 OUT 0bytes req=0x1
20:22:55.113 [BULK] EP2 IN -1bytes seq=1171
20:22:55.113 [BULK] EP2 IN -1bytes seq=1173
20:22:55.128 [CTRL] EP0 OUT 0bytes req=0x1
20:22:55.136 [CTRL] EP0 OUT 0bytes req=0x1
20:22:55.240 [BULK] EP2 IN -1bytes seq=1175
20:22:55.240 [BULK] EP2 IN -1bytes seq=1177
20:22:55.240 [BULK] EP2 IN -1bytes seq=1179
20:22:55.251 [CTRL] EP0 OUT 0bytes req=0x1
20:22:55.258 [CTRL] EP0 OUT 0bytes req=0x1
20:22:55.264 [CTRL] EP0 OUT 0bytes req=0x1
20:22:55.279 [BULK] EP2 IN 19bytes seq=1181
20:22:55.280 [BULK] EP2 IN 32bytes seq=1183
20:22:55.282 [BULK] EP2 IN 19bytes seq=1185
20:22:55.400 [BULK] EP2 IN 7bytes seq=1189
20:22:55.399 [BULK] EP2 IN 32bytes seq=1187
20:22:55.813 [BULK] EP2 IN 32bytes seq=1197
20:22:55.813 [BULK] EP2 IN 1bytes seq=1199
20:22:55.817 [BULK] EP2 IN 29bytes seq=1205
20:22:55.889 [BULK] EP2 IN 32bytes seq=1207
20:22:55.890 [BULK] EP2 IN 17bytes seq=1209
20:22:55.892 [BULK] EP2 IN 32bytes seq=1215
20:22:55.893 [BULK] EP2 IN 12bytes seq=1217
20:22:55.896 [BULK] EP2 IN 32bytes seq=1219
20:22:55.896 [BULK] EP2 IN 32bytes seq=1221
20:22:55.898 [BULK] EP2 IN 9bytes seq=1223
20:22:56.265 [INTR] EP1 IN -1bytes seq=1193
20:22:56.268 [BULK] EP2 IN 32bytes seq=1225
20:22:56.270 [BULK] EP2 IN 28bytes seq=1227
20:22:56.284 [CTRL] EP0 OUT 0bytes req=0x1
20:22:56.337 [BULK] EP2 IN 32bytes seq=1229
20:22:56.338 [BULK] EP2 IN 30bytes seq=1231
20:22:56.372 [BULK] EP2 IN 32bytes seq=1233
20:22:56.373 [BULK] EP2 IN 28bytes seq=1235
20:22:56.427 [BULK] EP2 IN 32bytes seq=1237
20:22:56.428 [BULK] EP2 IN 17bytes seq=1239
20:22:56.504 [BULK] EP2 IN 32bytes seq=1241
20:22:56.506 [BULK] EP2 IN 31bytes seq=1243
20:22:56.590 [BULK] EP2 IN 32bytes seq=1245
20:22:56.703 [BULK] EP2 IN 3bytes seq=1249
20:22:56.704 [BULK] EP2 IN 32bytes seq=1253
20:22:56.705 [BULK] EP2 IN 24bytes seq=1255
20:22:57.450 [INTR] EP1 IN -1bytes seq=1251
20:22:57.463 [CTRL] EP0 OUT 0bytes req=0x1
20:22:57.512 [BULK] EP2 IN -1bytes seq=1257
20:22:57.521 [CTRL] EP0 OUT 0bytes req=0x1
20:22:57.609 [BULK] EP2 IN -1bytes seq=1259
20:22:57.618 [CTRL] EP0 OUT 0bytes req=0x1
20:22:57.705 [BULK] EP2 IN -1bytes seq=1261
20:22:57.704 [BULK] EP2 IN -1bytes seq=1265
20:22:57.708 [BULK] EP2 IN -1bytes seq=1263
20:22:57.725 [CTRL] EP0 OUT 0bytes req=0x1
20:22:57.734 [CTRL] EP0 OUT 0bytes req=0x1
20:22:57.741 [CTRL] EP0 OUT 0bytes req=0x1
20:22:58.473 [BULK] EP2 IN -1bytes seq=1267
20:22:58.492 [CTRL] EP0 OUT 0bytes req=0x1
20:22:58.536 [BULK] EP2 IN -1bytes seq=1269
20:22:58.549 [CTRL] EP0 OUT 0bytes req=0x1
20:22:58.632 [BULK] EP2 IN -1bytes seq=1271
20:22:58.644 [CTRL] EP0 OUT 0bytes req=0x1
20:22:58.729 [BULK] EP2 IN -1bytes seq=1275
20:22:58.729 [INTR] EP1 IN -1bytes seq=1279
20:22:58.729 [BULK] EP2 IN -1bytes seq=1273
20:22:58.747 [CTRL] EP0 OUT 0bytes req=0x1
20:22:58.754 [CTRL] EP0 OUT 0bytes req=0x1
20:22:58.760 [CTRL] EP0 OUT 0bytes req=0x1
20:22:59.497 [BULK] EP2 IN -1bytes seq=1283
20:22:59.512 [CTRL] EP0 OUT 0bytes req=0x1
20:22:59.560 [BULK] EP2 IN -1bytes seq=1287
20:22:59.569 [CTRL] EP0 OUT 0bytes req=0x1
20:22:59.656 [BULK] EP2 IN -1bytes seq=1291
20:22:59.677 [CTRL] EP0 OUT 0bytes req=0x1
20:22:59.753 [BULK] EP2 IN -1bytes seq=1295
20:22:59.753 [BULK] EP2 IN -1bytes seq=1303
20:22:59.753 [BULK] EP2 IN -1bytes seq=1293
20:22:59.761 [BULK] EP2 IN 1bytes seq=1307
20:22:59.765 [CTRL] EP0 OUT 0bytes req=0x1
20:22:59.771 [CTRL] EP0 OUT 0bytes req=0x1
20:22:59.776 [CTRL] EP0 OUT 0bytes req=0x1
20:23:00.586 [BULK] EP2 IN -1bytes seq=1311
20:23:00.605 [CTRL] EP0 OUT 0bytes req=0x1
20:23:00.681 [INTR] EP1 IN -1bytes seq=1315
20:23:00.701 [CTRL] EP0 OUT 0bytes req=0x1
20:23:00.777 [BULK] EP2 IN -1bytes seq=1331
20:23:00.777 [BULK] EP2 IN -1bytes seq=1319
20:23:00.777 [BULK] EP2 IN -1bytes seq=1317
20:23:00.777 [BULK] EP2 IN -1bytes seq=1335
20:23:00.795 [CTRL] EP0 OUT 0bytes req=0x1
20:23:00.802 [CTRL] EP0 OUT 0bytes req=0x1
20:23:00.808 [CTRL] EP0 OUT 0bytes req=0x1
20:23:00.814 [CTRL] EP0 OUT 0bytes req=0x1
20:23:01.609 [BULK] EP2 IN -1bytes seq=1339
20:23:01.626 [CTRL] EP0 OUT 0bytes req=0x1
20:23:01.704 [BULK] EP2 IN -1bytes seq=1343
20:23:01.716 [CTRL] EP0 OUT 0bytes req=0x1
20:23:01.800 [BULK] EP2 IN -1bytes seq=1345
20:23:01.800 [BULK] EP2 IN -1bytes seq=1349
20:23:01.800 [BULK] EP2 IN -1bytes seq=1347
20:23:01.800 [BULK] EP2 IN -1bytes seq=1361
20:23:01.838 [CTRL] EP0 OUT 0bytes req=0x1
20:23:01.845 [CTRL] EP0 OUT 0bytes req=0x1
20:23:01.852 [CTRL] EP0 OUT 0bytes req=0x1
20:23:01.859 [CTRL] EP0 OUT 0bytes req=0x1
20:23:02.024 [BULK] EP2 IN 24bytes seq=1369
20:23:02.041 [BULK] EP2 IN 32bytes seq=1371
20:23:02.042 [BULK] EP2 IN 25bytes seq=1373
20:23:02.633 [INTR] EP1 IN -1bytes seq=1365
20:23:02.644 [CTRL] EP0 OUT 0bytes req=0x1
20:23:02.825 [BULK] EP2 IN -1bytes seq=1375
20:23:02.825 [BULK] EP2 IN -1bytes seq=1385
20:23:02.857 [CTRL] EP0 OUT 0bytes req=0x1
20:23:02.866 [CTRL] EP0 OUT 0bytes req=0x1
20:23:03.049 [BULK] EP2 IN -1bytes seq=1395
20:23:03.049 [BULK] EP2 IN -1bytes seq=1389
20:23:03.049 [BULK] EP2 IN -1bytes seq=1393
20:23:03.064 [CTRL] EP0 OUT 0bytes req=0x1
20:23:03.072 [CTRL] EP0 OUT 0bytes req=0x1
20:23:03.080 [CTRL] EP0 OUT 0bytes req=0x1
20:23:03.657 [BULK] EP2 IN -1bytes seq=1397
20:23:03.668 [CTRL] EP0 OUT 0bytes req=0x1
20:23:03.849 [BULK] EP2 IN -1bytes seq=1399
20:23:03.849 [BULK] EP2 IN -1bytes seq=1407
20:23:03.870 [CTRL] EP0 OUT 0bytes req=0x1
20:23:03.877 [CTRL] EP0 OUT 0bytes req=0x1
20:23:04.073 [INTR] EP1 IN -1bytes seq=1415
20:23:04.073 [BULK] EP2 IN -1bytes seq=1411
20:23:04.073 [BULK] EP2 IN -1bytes seq=1409
20:23:04.084 [BULK] EP2 IN 2bytes seq=1419
20:23:04.089 [BULK] EP2 IN 10bytes seq=1421
20:23:04.095 [CTRL] EP0 OUT 0bytes req=0x1
20:23:04.101 [CTRL] EP0 OUT 0bytes req=0x1
20:23:04.106 [CTRL] EP0 OUT 0bytes req=0x1
20:23:04.873 [BULK] EP2 IN -1bytes seq=1427
20:23:05.098 [BULK] EP2 IN -1bytes seq=1429
20:23:05.098 [BULK] EP2 IN -1bytes seq=1431
20:23:05.098 [BULK] EP2 IN -1bytes seq=1449
20:23:05.098 [BULK] EP2 IN -1bytes seq=1443
20:23:05.098 [BULK] EP2 IN -1bytes seq=1447
20:23:05.237 [CTRL] EP0 OUT 0bytes req=0x1
20:23:05.245 [CTRL] EP0 OUT 0bytes req=0x1
20:23:05.252 [CTRL] EP0 OUT 0bytes req=0x1
20:23:05.260 [CTRL] EP0 OUT 0bytes req=0x1
20:23:05.267 [CTRL] EP0 OUT 0bytes req=0x1
20:23:05.275 [CTRL] EP0 OUT 0bytes req=0x1
20:23:05.897 [INTR] EP1 IN -1bytes seq=1455
20:23:05.921 [CTRL] EP0 OUT 0bytes req=0x1
20:23:06.121 [BULK] EP2 IN -1bytes seq=1457
20:23:06.121 [BULK] EP2 IN -1bytes seq=1459
20:23:06.121 [BULK] EP2 IN -1bytes seq=1461
20:23:06.121 [BULK] EP2 IN -1bytes seq=1463
20:23:06.141 [CTRL] EP0 OUT 0bytes req=0x1
20:23:06.148 [CTRL] EP0 OUT 0bytes req=0x1
20:23:06.155 [CTRL] EP0 OUT 0bytes req=0x1
20:23:06.162 [CTRL] EP0 OUT 0bytes req=0x1
20:23:06.248 [BULK] EP2 IN -1bytes seq=1471
20:23:06.257 [CTRL] EP0 OUT 0bytes req=0x1
20:23:06.921 [BULK] EP2 IN -1bytes seq=1473
20:23:07.145 [BULK] EP2 IN -1bytes seq=1481
20:23:07.145 [BULK] EP2 IN -1bytes seq=1477
20:23:07.145 [BULK] EP2 IN -1bytes seq=1479
20:23:07.145 [BULK] EP2 IN -1bytes seq=1475
20:23:07.156 [BULK] EP2 IN 2bytes seq=1503
20:23:07.255 [CTRL] EP0 OUT 0bytes req=0x1
20:23:07.261 [CTRL] EP0 OUT 0bytes req=0x1
20:23:07.267 [CTRL] EP0 OUT 0bytes req=0x1
20:23:07.272 [INTR] EP1 IN -1bytes seq=1499
20:23:07.273 [CTRL] EP0 OUT 0bytes req=0x1
20:23:07.280 [CTRL] EP0 OUT 0bytes req=0x1
20:23:07.286 [CTRL] EP0 OUT 0bytes req=0x1
20:23:08.169 [BULK] EP2 IN -1bytes seq=1507
20:23:08.169 [BULK] EP2 IN -1bytes seq=1505
20:23:08.169 [BULK] EP2 IN -1bytes seq=1521
20:23:08.169 [BULK] EP2 IN -1bytes seq=1509
20:23:08.178 [CTRL] EP0 OUT 0bytes req=0x1
20:23:08.184 [CTRL] EP0 OUT 0bytes req=0x1
20:23:08.191 [CTRL] EP0 OUT 0bytes req=0x1
20:23:08.199 [CTRL] EP0 OUT 0bytes req=0x1
20:23:08.264 [BULK] EP2 IN -1bytes seq=1527
20:23:08.281 [CTRL] EP0 OUT 0bytes req=0x1
20:23:08.296 [BULK] EP2 IN -1bytes seq=1529
20:23:08.306 [CTRL] EP0 OUT 0bytes req=0x1
20:23:09.193 [BULK] EP2 IN -1bytes seq=1537
20:23:09.193 [BULK] EP2 IN -1bytes seq=1533
20:23:09.193 [BULK] EP2 IN -1bytes seq=1531
20:23:09.193 [BULK] EP2 IN -1bytes seq=1535
20:23:09.209 [CTRL] EP0 OUT 0bytes req=0x1
20:23:09.217 [CTRL] EP0 OUT 0bytes req=0x1
20:23:09.223 [CTRL] EP0 OUT 0bytes req=0x1
20:23:09.229 [CTRL] EP0 OUT 0bytes req=0x1
20:23:09.288 [INTR] EP1 IN -1bytes seq=1547
20:23:09.296 [CTRL] EP0 OUT 0bytes req=0x1
20:23:09.320 [BULK] EP2 IN -1bytes seq=1553
20:23:09.329 [CTRL] EP0 OUT 0bytes req=0x1
20:23:10.217 [BULK] EP2 IN -1bytes seq=1555
20:23:10.217 [BULK] EP2 IN -1bytes seq=1569
20:23:10.217 [BULK] EP2 IN -1bytes seq=1557
20:23:10.218 [BULK] EP2 IN -1bytes seq=1559
20:23:10.234 [CTRL] EP0 OUT 0bytes req=0x1
20:23:10.240 [CTRL] EP0 OUT 0bytes req=0x1
20:23:10.246 [CTRL] EP0 OUT 0bytes req=0x1
20:23:10.252 [CTRL] EP0 OUT 0bytes req=0x1
20:23:10.313 [BULK] EP2 IN -1bytes seq=1573
20:23:10.331 [CTRL] EP0 OUT 0bytes req=0x1
20:23:10.344 [BULK] EP2 IN -1bytes seq=1577
20:23:10.354 [CTRL] EP0 OUT 0bytes req=0x1
20:23:11.241 [BULK] EP2 IN -1bytes seq=1583
20:23:11.240 [INTR] EP1 IN -1bytes seq=1593
20:23:11.240 [BULK] EP2 IN -1bytes seq=1579
20:23:11.240 [BULK] EP2 IN -1bytes seq=1585
20:23:11.253 [CTRL] EP0 OUT 0bytes req=0x1
20:23:11.260 [CTRL] EP0 OUT 0bytes req=0x1
20:23:11.268 [CTRL] EP0 OUT 0bytes req=0x1
20:23:11.275 [CTRL] EP0 OUT 0bytes req=0x1
20:23:11.336 [BULK] EP2 IN -1bytes seq=1597
20:23:11.344 [CTRL] EP0 OUT 0bytes req=0x1
20:23:11.368 [BULK] EP2 IN -1bytes seq=1601
20:23:11.378 [CTRL] EP0 OUT 0bytes req=0x1
20:23:12.265 [BULK] EP2 IN -1bytes seq=1617
20:23:12.265 [BULK] EP2 IN -1bytes seq=1605
20:23:12.265 [BULK] EP2 IN -1bytes seq=1603
20:23:12.265 [BULK] EP2 IN -1bytes seq=1607
20:23:12.284 [CTRL] EP0 OUT 0bytes req=0x1
20:23:12.292 [CTRL] EP0 OUT 0bytes req=0x1
20:23:12.299 [CTRL] EP0 OUT 0bytes req=0x1
20:23:12.305 [CTRL] EP0 OUT 0bytes req=0x1
20:23:12.360 [BULK] EP2 IN -1bytes seq=1621
20:23:12.369 [CTRL] EP0 OUT 0bytes req=0x1
20:23:12.392 [INTR] EP1 IN -1bytes seq=1625
20:23:12.402 [CTRL] EP0 OUT 0bytes req=0x1
20:23:13.289 [BULK] EP2 IN -1bytes seq=1629
20:23:13.290 [BULK] EP2 IN -1bytes seq=1627
20:23:13.290 [BULK] EP2 IN -1bytes seq=1631
20:23:13.290 [BULK] EP2 IN -1bytes seq=1641
20:23:13.302 [CTRL] EP0 OUT 0bytes req=0x1
20:23:13.310 [CTRL] EP0 OUT 0bytes req=0x1
20:23:13.316 [CTRL] EP0 OUT 0bytes req=0x1
20:23:13.323 [CTRL] EP0 OUT 0bytes req=0x1
20:23:13.387 [BULK] EP2 IN -1bytes seq=1645
20:23:13.406 [CTRL] EP0 OUT 0bytes req=0x1
20:23:13.416 [BULK] EP2 IN -1bytes seq=1649
20:23:13.424 [CTRL] EP0 OUT 0bytes req=0x1
20:23:14.313 [BULK] EP2 IN -1bytes seq=1653
20:23:14.313 [BULK] EP2 IN -1bytes seq=1655
20:23:14.313 [BULK] EP2 IN -1bytes seq=1665
20:23:14.313 [BULK] EP2 IN -1bytes seq=1651
20:23:14.326 [CTRL] EP0 OUT 0bytes req=0x1
20:23:14.333 [CTRL] EP0 OUT 0bytes req=0x1
20:23:14.339 [CTRL] EP0 OUT 0bytes req=0x1
20:23:14.345 [CTRL] EP0 OUT 0bytes req=0x1
20:23:14.408 [INTR] EP1 IN -1bytes seq=1669
20:23:14.420 [CTRL] EP0 OUT 0bytes req=0x1
20:23:14.440 [BULK] EP2 IN -1bytes seq=1673
20:23:14.462 [CTRL] EP0 OUT 0bytes req=0x1
20:23:15.339 [BULK] EP2 IN -1bytes seq=1677
20:23:15.339 [BULK] EP2 IN -1bytes seq=1675
20:23:15.339 [BULK] EP2 IN -1bytes seq=1679
20:23:15.340 [BULK] EP2 IN -1bytes seq=1689
20:23:15.363 [CTRL] EP0 OUT 0bytes req=0x1
20:23:15.370 [CTRL] EP0 OUT 0bytes req=0x1
20:23:15.377 [CTRL] EP0 OUT 0bytes req=0x1
20:23:15.384 [CTRL] EP0 OUT 0bytes req=0x1
20:23:15.432 [BULK] EP2 IN -1bytes seq=1693
20:23:15.441 [CTRL] EP0 OUT 0bytes req=0x1
20:23:15.464 [BULK] EP2 IN -1bytes seq=1697
20:23:15.473 [CTRL] EP0 OUT 0bytes req=0x1
20:23:16.362 [BULK] EP2 IN -1bytes seq=1701
20:23:16.362 [BULK] EP2 IN -1bytes seq=1703
20:23:16.362 [BULK] EP2 IN -1bytes seq=1699
20:23:16.362 [INTR] EP1 IN -1bytes seq=1713
20:23:16.378 [CTRL] EP0 OUT 0bytes req=0x1
20:23:16.385 [CTRL] EP0 OUT 0bytes req=0x1
20:23:16.390 [CTRL] EP0 OUT 0bytes req=0x1
20:23:16.397 [CTRL] EP0 OUT 0bytes req=0x1
20:23:16.456 [BULK] EP2 IN -1bytes seq=1717
20:23:16.466 [CTRL] EP0 OUT 0bytes req=0x1
20:23:16.488 [BULK] EP2 IN -1bytes seq=1725
20:23:16.499 [CTRL] EP0 OUT 0bytes req=0x1
20:23:16.576 [BULK] EP2 IN 27bytes seq=1727
20:23:17.385 [BULK] EP2 IN -1bytes seq=1729
20:23:17.385 [BULK] EP2 IN -1bytes seq=1741
20:23:17.385 [BULK] EP2 IN -1bytes seq=1731
20:23:17.397 [CTRL] EP0 OUT 0bytes req=0x1
20:23:17.402 [CTRL] EP0 OUT 0bytes req=0x1
20:23:17.409 [CTRL] EP0 OUT 0bytes req=0x1
20:23:17.480 [BULK] EP2 IN -1bytes seq=1745
20:23:17.489 [CTRL] EP0 OUT 0bytes req=0x1
20:23:17.512 [BULK] EP2 IN -1bytes seq=1749
20:23:17.521 [CTRL] EP0 OUT 0bytes req=0x1
20:23:17.576 [INTR] EP1 IN -1bytes seq=1751
20:23:17.584 [CTRL] EP0 OUT 0bytes req=0x1
20:23:18.408 [BULK] EP2 IN -1bytes seq=1753
20:23:18.408 [BULK] EP2 IN -1bytes seq=1765
20:23:18.408 [BULK] EP2 IN -1bytes seq=1755
20:23:18.430 [CTRL] EP0 OUT 0bytes req=0x1
20:23:18.437 [CTRL] EP0 OUT 0bytes req=0x1
20:23:18.444 [CTRL] EP0 OUT 0bytes req=0x1
20:23:18.505 [BULK] EP2 IN -1bytes seq=1769
20:23:18.527 [CTRL] EP0 OUT 0bytes req=0x1
20:23:18.536 [BULK] EP2 IN -1bytes seq=1771
20:23:18.544 [CTRL] EP0 OUT 0bytes req=0x1
20:23:18.600 [BULK] EP2 IN -1bytes seq=1775
20:23:18.605 [BULK] EP2 IN 2bytes seq=1777
20:23:18.611 [CTRL] EP0 OUT 0bytes req=0x1
20:23:19.433 [BULK] EP2 IN -1bytes seq=1779
20:23:19.433 [BULK] EP2 IN -1bytes seq=1787
20:23:19.445 [CTRL] EP0 OUT 0bytes req=0x1
20:23:19.453 [CTRL] EP0 OUT 0bytes req=0x1
20:23:19.528 [BULK] EP2 IN -1bytes seq=1791
20:23:19.540 [CTRL] EP0 OUT 0bytes req=0x1
20:23:19.561 [INTR] EP1 IN -1bytes seq=1795
20:23:19.582 [CTRL] EP0 OUT 0bytes req=0x1
20:23:19.624 [BULK] EP2 IN -1bytes seq=1807
20:23:19.624 [BULK] EP2 IN -1bytes seq=1809
20:23:19.634 [CTRL] EP0 OUT 0bytes req=0x1
20:23:19.641 [CTRL] EP0 OUT 0bytes req=0x1
20:23:20.457 [BULK] EP2 IN -1bytes seq=1811
20:23:20.457 [BULK] EP2 IN -1bytes seq=1823
20:23:20.475 [CTRL] EP0 OUT 0bytes req=0x1
20:23:20.482 [CTRL] EP0 OUT 0bytes req=0x1
20:23:20.552 [BULK] EP2 IN -1bytes seq=1827
20:23:20.562 [CTRL] EP0 OUT 0bytes req=0x1
20:23:20.584 [BULK] EP2 IN -1bytes seq=1831
20:23:20.595 [CTRL] EP0 OUT 0bytes req=0x1
20:23:20.652 [BULK] EP2 IN -1bytes seq=1841
20:23:20.652 [BULK] EP2 IN -1bytes seq=1833
20:23:20.660 [CTRL] EP0 OUT 0bytes req=0x1
20:23:20.667 [CTRL] EP0 OUT 0bytes req=0x1
20:23:21.482 [BULK] EP2 IN -1bytes seq=1843
20:23:21.482 [BULK] EP2 IN -1bytes seq=1849
20:23:21.496 [CTRL] EP0 OUT 0bytes req=0x1
20:23:21.504 [CTRL] EP0 OUT 0bytes req=0x1
20:23:21.580 [INTR] EP1 IN -1bytes seq=1853
20:23:21.590 [CTRL] EP0 OUT 0bytes req=0x1
20:23:21.608 [BULK] EP2 IN -1bytes seq=1857
20:23:21.616 [CTRL] EP0 OUT 0bytes req=0x1
20:23:21.676 [BULK] EP2 IN -1bytes seq=1865
20:23:21.676 [BULK] EP2 IN -1bytes seq=1859
20:23:21.685 [CTRL] EP0 OUT 0bytes req=0x1
20:23:21.693 [CTRL] EP0 OUT 0bytes req=0x1
20:23:22.505 [BULK] EP2 IN -1bytes seq=1867
20:23:22.505 [BULK] EP2 IN -1bytes seq=1873
20:23:22.518 [CTRL] EP0 OUT 0bytes req=0x1
20:23:22.526 [CTRL] EP0 OUT 0bytes req=0x1
20:23:22.604 [BULK] EP2 IN -1bytes seq=1877
20:23:22.619 [CTRL] EP0 OUT 0bytes req=0x1
20:23:22.632 [BULK] EP2 IN -1bytes seq=1881
20:23:22.644 [CTRL] EP0 OUT 0bytes req=0x1
20:23:22.696 [BULK] EP2 IN -1bytes seq=1883
20:23:22.696 [BULK] EP2 IN -1bytes seq=1889
20:23:22.704 [CTRL] EP0 OUT 0bytes req=0x1
20:23:22.711 [CTRL] EP0 OUT 0bytes req=0x1
20:23:23.529 [BULK] EP2 IN -1bytes seq=1891
20:23:23.529 [INTR] EP1 IN -1bytes seq=1897
20:23:23.546 [CTRL] EP0 OUT 0bytes req=0x1
20:23:23.554 [CTRL] EP0 OUT 0bytes req=0x1
20:23:23.624 [BULK] EP2 IN -1bytes seq=1901
20:23:23.634 [CTRL] EP0 OUT 0bytes req=0x1
20:23:23.656 [BULK] EP2 IN -1bytes seq=1905
20:23:23.670 [CTRL] EP0 OUT 0bytes req=0x1
20:23:23.720 [BULK] EP2 IN -1bytes seq=1907
20:23:23.720 [BULK] EP2 IN -1bytes seq=1913
20:23:23.730 [CTRL] EP0 OUT 0bytes req=0x1
20:23:23.738 [CTRL] EP0 OUT 0bytes req=0x1
20:23:24.554 [BULK] EP2 IN -1bytes seq=1921
20:23:24.554 [BULK] EP2 IN -1bytes seq=1915
20:23:24.576 [CTRL] EP0 OUT 0bytes req=0x1
20:23:24.583 [CTRL] EP0 OUT 0bytes req=0x1
20:23:24.648 [BULK] EP2 IN -1bytes seq=1925
20:23:24.662 [CTRL] EP0 OUT 0bytes req=0x1
20:23:24.680 [BULK] EP2 IN -1bytes seq=1929
20:23:24.693 [CTRL] EP0 OUT 0bytes req=0x1
20:23:24.744 [BULK] EP2 IN -1bytes seq=1931
20:23:24.744 [BULK] EP2 IN -1bytes seq=1941
20:23:24.752 [CTRL] EP0 OUT 0bytes req=0x1
20:23:24.760 [CTRL] EP0 OUT 0bytes req=0x1
20:23:25.577 [BULK] EP2 IN -1bytes seq=1949
20:23:25.580 [INTR] EP1 IN -1bytes seq=1943
20:23:25.592 [CTRL] EP0 OUT 0bytes req=0x1
20:23:25.599 [CTRL] EP0 OUT 0bytes req=0x1
20:23:25.672 [BULK] EP2 IN -1bytes seq=1953
20:23:25.692 [CTRL] EP0 OUT 0bytes req=0x1
20:23:25.704 [BULK] EP2 IN -1bytes seq=1957
20:23:25.713 [CTRL] EP0 OUT 0bytes req=0x1
20:23:25.768 [BULK] EP2 IN -1bytes seq=1959
20:23:25.768 [BULK] EP2 IN -1bytes seq=1965
20:23:25.776 [CTRL] EP0 OUT 0bytes req=0x1
20:23:25.782 [CTRL] EP0 OUT 0bytes req=0x1
20:23:26.601 [BULK] EP2 IN -1bytes seq=1973
20:23:26.601 [BULK] EP2 IN -1bytes seq=1967
20:23:26.614 [CTRL] EP0 OUT 0bytes req=0x1
20:23:26.621 [CTRL] EP0 OUT 0bytes req=0x1
20:23:26.700 [BULK] EP2 IN -1bytes seq=1977
20:23:26.710 [CTRL] EP0 OUT 0bytes req=0x1
20:23:26.732 [BULK] EP2 IN -1bytes seq=1981
20:23:26.742 [CTRL] EP0 OUT 0bytes req=0x1
20:23:26.792 [BULK] EP2 IN -1bytes seq=1983
20:23:26.792 [INTR] EP1 IN -1bytes seq=1987
20:23:26.802 [CTRL] EP0 OUT 0bytes req=0x1
20:23:26.810 [CTRL] EP0 OUT 0bytes req=0x1
20:23:27.625 [BULK] EP2 IN -1bytes seq=1997
20:23:27.628 [BULK] EP2 IN -1bytes seq=1991
20:23:27.645 [CTRL] EP0 OUT 0bytes req=0x1
20:23:27.652 [CTRL] EP0 OUT 0bytes req=0x1
20:23:27.720 [BULK] EP2 IN -1bytes seq=2001
20:23:27.730 [CTRL] EP0 OUT 0bytes req=0x1
20:23:27.752 [BULK] EP2 IN -1bytes seq=2005
20:23:27.760 [CTRL] EP0 OUT 0bytes req=0x1
20:23:27.816 [BULK] EP2 IN -1bytes seq=2007
20:23:27.816 [BULK] EP2 IN -1bytes seq=2013
20:23:27.824 [CTRL] EP0 OUT 0bytes req=0x1
20:23:27.830 [CTRL] EP0 OUT 0bytes req=0x1
20:23:28.649 [BULK] EP2 IN -1bytes seq=2021
20:23:28.649 [BULK] EP2 IN -1bytes seq=2015
20:23:28.664 [CTRL] EP0 OUT 0bytes req=0x1
20:23:28.672 [CTRL] EP0 OUT 0bytes req=0x1
20:23:28.744 [BULK] EP2 IN -1bytes seq=2025
20:23:28.754 [CTRL] EP0 OUT 0bytes req=0x1
20:23:28.776 [BULK] EP2 IN -1bytes seq=2029
20:23:28.798 [CTRL] EP0 OUT 0bytes req=0x1
20:23:28.841 [BULK] EP2 IN -1bytes seq=2037
20:23:28.841 [INTR] EP1 IN -1bytes seq=2031
20:23:28.854 [CTRL] EP0 OUT 0bytes req=0x1
20:23:28.861 [CTRL] EP0 OUT 0bytes req=0x1
20:23:29.673 [BULK] EP2 IN -1bytes seq=2045
20:23:29.677 [BULK] EP2 IN -1bytes seq=2039
20:23:29.686 [CTRL] EP0 OUT 0bytes req=0x1
20:23:29.693 [CTRL] EP0 OUT 0bytes req=0x1
20:23:29.772 [BULK] EP2 IN -1bytes seq=2049
20:23:29.787 [CTRL] EP0 OUT 0bytes req=0x1
20:23:29.804 [BULK] EP2 IN -1bytes seq=2053
20:23:29.811 [CTRL] EP0 OUT 0bytes req=0x1
20:23:29.864 [BULK] EP2 IN -1bytes seq=2061
20:23:29.864 [BULK] EP2 IN -1bytes seq=2055
20:23:29.873 [CTRL] EP0 OUT 0bytes req=0x1
20:23:29.880 [CTRL] EP0 OUT 0bytes req=0x1
20:23:30.697 [BULK] EP2 IN -1bytes seq=2063
20:23:30.697 [BULK] EP2 IN -1bytes seq=2069
20:23:30.718 [CTRL] EP0 OUT 0bytes req=0x1
20:23:30.724 [CTRL] EP0 OUT 0bytes req=0x1
20:23:30.796 [BULK] EP2 IN -1bytes seq=2073
20:23:30.828 [BULK] EP2 IN -1bytes seq=2077
20:23:30.888 [INTR] EP1 IN -1bytes seq=2079
20:23:30.888 [BULK] EP2 IN -1bytes seq=2085
20:23:30.947 [CTRL] EP0 OUT 0bytes req=0x1
20:23:30.954 [CTRL] EP0 OUT 0bytes req=0x1
20:23:30.961 [CTRL] EP0 OUT 0bytes req=0x1
20:23:30.967 [CTRL] EP0 OUT 0bytes req=0x1
20:23:31.721 [BULK] EP2 IN -1bytes seq=2095
20:23:31.721 [BULK] EP2 IN -1bytes seq=2087
20:23:31.734 [CTRL] EP0 OUT 0bytes req=0x1
20:23:31.742 [CTRL] EP0 OUT 0bytes req=0x1
20:23:31.816 [BULK] EP2 IN -1bytes seq=2101
20:23:31.831 [CTRL] EP0 OUT 0bytes req=0x1
20:23:31.848 [BULK] EP2 IN -1bytes seq=2105
20:23:31.856 [CTRL] EP0 OUT 0bytes req=0x1
20:23:31.916 [BULK] EP2 IN -1bytes seq=2107
20:23:31.916 [BULK] EP2 IN -1bytes seq=2113
20:23:31.926 [CTRL] EP0 OUT 0bytes req=0x1
20:23:31.933 [CTRL] EP0 OUT 0bytes req=0x1
20:23:32.745 [BULK] EP2 IN -1bytes seq=2119
20:23:32.745 [BULK] EP2 IN -1bytes seq=2115
20:23:32.754 [CTRL] EP0 OUT 0bytes req=0x1
20:23:32.761 [CTRL] EP0 OUT 0bytes req=0x1
20:23:32.840 [BULK] EP2 IN -1bytes seq=2123
20:23:32.851 [CTRL] EP0 OUT 0bytes req=0x1
20:23:32.872 [INTR] EP1 IN -1bytes seq=2125
20:23:32.880 [CTRL] EP0 OUT 0bytes req=0x1
20:23:32.936 [BULK] EP2 IN -1bytes seq=2137
20:23:32.936 [BULK] EP2 IN -1bytes seq=2127
20:23:32.945 [CTRL] EP0 OUT 0bytes req=0x1
20:23:32.951 [CTRL] EP0 OUT 0bytes req=0x1
20:23:33.769 [BULK] EP2 IN -1bytes seq=2139
20:23:33.769 [BULK] EP2 IN -1bytes seq=2145
20:23:33.784 [CTRL] EP0 OUT 0bytes req=0x1
20:23:33.791 [CTRL] EP0 OUT 0bytes req=0x1
20:23:33.864 [BULK] EP2 IN -1bytes seq=2149
20:23:33.874 [CTRL] EP0 OUT 0bytes req=0x1
20:23:33.896 [BULK] EP2 IN -1bytes seq=2153
20:23:33.910 [CTRL] EP0 OUT 0bytes req=0x1
20:23:33.960 [BULK] EP2 IN -1bytes seq=2165
20:23:33.960 [BULK] EP2 IN -1bytes seq=2155
20:23:33.968 [CTRL] EP0 OUT 0bytes req=0x1
20:23:33.976 [CTRL] EP0 OUT 0bytes req=0x1
20:23:34.793 [BULK] EP2 IN -1bytes seq=2173
20:23:34.793 [BULK] EP2 IN -1bytes seq=2167
20:23:34.804 [CTRL] EP0 OUT 0bytes req=0x1
20:23:34.811 [CTRL] EP0 OUT 0bytes req=0x1
20:23:34.892 [INTR] EP1 IN -1bytes seq=2177
20:23:34.903 [CTRL] EP0 OUT 0bytes req=0x1
20:23:34.920 [BULK] EP2 IN -1bytes seq=2181
20:23:34.932 [CTRL] EP0 OUT 0bytes req=0x1
20:23:34.984 [BULK] EP2 IN -1bytes seq=2183
20:23:34.984 [BULK] EP2 IN -1bytes seq=2189
20:23:34.993 [CTRL] EP0 OUT 0bytes req=0x1
20:23:35.000 [CTRL] EP0 OUT 0bytes req=0x1
20:23:35.818 [BULK] EP2 IN -1bytes seq=2191
20:23:35.818 [BULK] EP2 IN -1bytes seq=2197
20:23:35.833 [CTRL] EP0 OUT 0bytes req=0x1
20:23:35.840 [CTRL] EP0 OUT 0bytes req=0x1
20:23:35.912 [BULK] EP2 IN -1bytes seq=2201
20:23:35.923 [CTRL] EP0 OUT 0bytes req=0x1
20:23:35.944 [BULK] EP2 IN -1bytes seq=2205
20:23:35.953 [CTRL] EP0 OUT 0bytes req=0x1
20:23:36.008 [BULK] EP2 IN -1bytes seq=2207
20:23:36.008 [BULK] EP2 IN -1bytes seq=2213
20:23:36.017 [CTRL] EP0 OUT 0bytes req=0x1
20:23:36.023 [CTRL] EP0 OUT 0bytes req=0x1
20:23:36.841 [BULK] EP2 IN -1bytes seq=2215
20:23:36.841 [INTR] EP1 IN -1bytes seq=2221
20:23:36.861 [CTRL] EP0 OUT 0bytes req=0x1
20:23:36.869 [CTRL] EP0 OUT 0bytes req=0x1
20:23:36.936 [BULK] EP2 IN -1bytes seq=2225
20:23:36.951 [CTRL] EP0 OUT 0bytes req=0x1
20:23:36.968 [BULK] EP2 IN -1bytes seq=2229
20:23:36.978 [CTRL] EP0 OUT 0bytes req=0x1
20:23:37.032 [BULK] EP2 IN -1bytes seq=2237
20:23:37.032 [BULK] EP2 IN -1bytes seq=2231
20:23:37.040 [CTRL] EP0 OUT 0bytes req=0x1
20:23:37.047 [CTRL] EP0 OUT 0bytes req=0x1
20:23:37.865 [BULK] EP2 IN -1bytes seq=2245
20:23:37.865 [BULK] EP2 IN -1bytes seq=2239
20:23:37.878 [CTRL] EP0 OUT 0bytes req=0x1
20:23:37.884 [CTRL] EP0 OUT 0bytes req=0x1
20:23:37.961 [BULK] EP2 IN -1bytes seq=2249
20:23:37.971 [CTRL] EP0 OUT 0bytes req=0x1
20:23:37.992 [BULK] EP2 IN -1bytes seq=2253
20:23:38.000 [CTRL] EP0 OUT 0bytes req=0x1
20:23:38.057 [BULK] EP2 IN -1bytes seq=2255
20:23:38.060 [BULK] EP2 IN -1bytes seq=2261
20:23:38.068 [CTRL] EP0 OUT 0bytes req=0x1
20:23:38.076 [CTRL] EP0 OUT 0bytes req=0x1
20:23:38.890 [INTR] EP1 IN -1bytes seq=2263
20:23:38.890 [BULK] EP2 IN -1bytes seq=2269
20:23:38.909 [CTRL] EP0 OUT 0bytes req=0x1
20:23:38.916 [CTRL] EP0 OUT 0bytes req=0x1
20:23:38.984 [BULK] EP2 IN -1bytes seq=2273
20:23:38.993 [CTRL] EP0 OUT 0bytes req=0x1
20:23:39.016 [BULK] EP2 IN -1bytes seq=2277
20:23:39.026 [CTRL] EP0 OUT 0bytes req=0x1
20:23:39.080 [BULK] EP2 IN -1bytes seq=2285
20:23:39.080 [BULK] EP2 IN -1bytes seq=2279
20:23:39.088 [CTRL] EP0 OUT 0bytes req=0x1
20:23:39.095 [CTRL] EP0 OUT 0bytes req=0x1
20:23:39.913 [BULK] EP2 IN -1bytes seq=2287
20:23:39.913 [BULK] EP2 IN -1bytes seq=2293
20:23:39.938 [CTRL] EP0 OUT 0bytes req=0x1
20:23:39.946 [CTRL] EP0 OUT 0bytes req=0x1
20:23:40.008 [BULK] EP2 IN -1bytes seq=2297
20:23:40.017 [CTRL] EP0 OUT 0bytes req=0x1
20:23:40.040 [BULK] EP2 IN -1bytes seq=2301
20:23:40.051 [CTRL] EP0 OUT 0bytes req=0x1
20:23:40.108 [INTR] EP1 IN -1bytes seq=2309
20:23:40.108 [BULK] EP2 IN -1bytes seq=2303
20:23:40.116 [CTRL] EP0 OUT 0bytes req=0x1
20:23:40.122 [CTRL] EP0 OUT 0bytes req=0x1
20:23:40.937 [BULK] EP2 IN -1bytes seq=2317
20:23:40.937 [BULK] EP2 IN -1bytes seq=2311
20:23:40.956 [CTRL] EP0 OUT 0bytes req=0x1
20:23:40.964 [CTRL] EP0 OUT 0bytes req=0x1
20:23:41.032 [BULK] EP2 IN -1bytes seq=2321
20:23:41.039 [CTRL] EP0 OUT 0bytes req=0x1
20:23:41.064 [BULK] EP2 IN -1bytes seq=2325
20:23:41.073 [CTRL] EP0 OUT 0bytes req=0x1
20:23:41.128 [BULK] EP2 IN -1bytes seq=2327
20:23:41.128 [BULK] EP2 IN -1bytes seq=2333
20:23:41.137 [CTRL] EP0 OUT 0bytes req=0x1
20:23:41.143 [CTRL] EP0 OUT 0bytes req=0x1
20:23:41.961 [BULK] EP2 IN -1bytes seq=2335
20:23:41.961 [BULK] EP2 IN -1bytes seq=2341
20:23:41.972 [CTRL] EP0 OUT 0bytes req=0x1
20:23:41.983 [CTRL] EP0 OUT 0bytes req=0x1
20:23:42.056 [BULK] EP2 IN -1bytes seq=2345
20:23:42.067 [CTRL] EP0 OUT 0bytes req=0x1
20:23:42.088 [INTR] EP1 IN -1bytes seq=2349
20:23:42.097 [CTRL] EP0 OUT 0bytes req=0x1
20:23:42.152 [BULK] EP2 IN -1bytes seq=2351
20:23:42.152 [BULK] EP2 IN -1bytes seq=2357
20:23:42.160 [CTRL] EP0 OUT 0bytes req=0x1
20:23:42.166 [CTRL] EP0 OUT 0bytes req=0x1
20:23:42.985 [BULK] EP2 IN -1bytes seq=2359
20:23:42.985 [BULK] EP2 IN -1bytes seq=2369
20:23:43.002 [CTRL] EP0 OUT 0bytes req=0x1
20:23:43.010 [CTRL] EP0 OUT 0bytes req=0x1
20:23:43.080 [BULK] EP2 IN -1bytes seq=2373
20:23:43.089 [CTRL] EP0 OUT 0bytes req=0x1
20:23:43.112 [BULK] EP2 IN -1bytes seq=2377
20:23:43.132 [CTRL] EP0 OUT 0bytes req=0x1
20:23:43.177 [BULK] EP2 IN -1bytes seq=2385
20:23:43.178 [BULK] EP2 IN -1bytes seq=2379
20:23:43.187 [CTRL] EP0 OUT 0bytes req=0x1
20:23:43.193 [CTRL] EP0 OUT 0bytes req=0x1
20:23:44.009 [BULK] EP2 IN -1bytes seq=2393
20:23:44.009 [BULK] EP2 IN -1bytes seq=2387
20:23:44.028 [CTRL] EP0 OUT 0bytes req=0x1
20:23:44.033 [CTRL] EP0 OUT 0bytes req=0x1
20:23:44.104 [INTR] EP1 IN -1bytes seq=2397
20:23:44.119 [CTRL] EP0 OUT 0bytes req=0x1
20:23:44.136 [BULK] EP2 IN -1bytes seq=2401
20:23:44.146 [CTRL] EP0 OUT 0bytes req=0x1
20:23:44.200 [BULK] EP2 IN -1bytes seq=2403
20:23:44.200 [BULK] EP2 IN -1bytes seq=2409
20:23:44.209 [CTRL] EP0 OUT 0bytes req=0x1
20:23:44.215 [CTRL] EP0 OUT 0bytes req=0x1
20:23:44.278 [BULK] EP2 IN 2bytes seq=2411
20:23:45.033 [BULK] EP2 IN -1bytes seq=2417
20:23:45.047 [CTRL] EP0 OUT 0bytes req=0x1
20:23:45.129 [BULK] EP2 IN -1bytes seq=2421
20:23:45.146 [CTRL] EP0 OUT 0bytes req=0x1
20:23:45.160 [BULK] EP2 IN -1bytes seq=2425
20:23:45.168 [CTRL] EP0 OUT 0bytes req=0x1
20:23:45.224 [BULK] EP2 IN -1bytes seq=2437
20:23:45.224 [BULK] EP2 IN -1bytes seq=2427
20:23:45.235 [CTRL] EP0 OUT 0bytes req=0x1
20:23:45.243 [CTRL] EP0 OUT 0bytes req=0x1
20:23:45.288 [BULK] EP2 IN -1bytes seq=2439
20:23:45.298 [CTRL] EP0 OUT 0bytes req=0x1
20:23:46.061 [INTR] EP1 IN -1bytes seq=2445
20:23:46.076 [CTRL] EP0 OUT 0bytes req=0x1
20:23:46.153 [BULK] EP2 IN -1bytes seq=2449
20:23:46.166 [CTRL] EP0 OUT 0bytes req=0x1
20:23:46.184 [BULK] EP2 IN -1bytes seq=2453
20:23:46.195 [CTRL] EP0 OUT 0bytes req=0x1
20:23:46.248 [BULK] EP2 IN -1bytes seq=2459
20:23:46.248 [BULK] EP2 IN -1bytes seq=2455
20:23:46.256 [CTRL] EP0 OUT 0bytes req=0x1
20:23:46.263 [CTRL] EP0 OUT 0bytes req=0x1
20:23:46.312 [BULK] EP2 IN -1bytes seq=2463
20:23:46.321 [CTRL] EP0 OUT 0bytes req=0x1
20:23:47.081 [BULK] EP2 IN -1bytes seq=2467
20:23:47.102 [CTRL] EP0 OUT 0bytes req=0x1
20:23:47.176 [BULK] EP2 IN -1bytes seq=2471
20:23:47.187 [CTRL] EP0 OUT 0bytes req=0x1
20:23:47.208 [BULK] EP2 IN -1bytes seq=2475
20:23:47.220 [CTRL] EP0 OUT 0bytes req=0x1
20:23:47.272 [BULK] EP2 IN -1bytes seq=2483
20:23:47.272 [BULK] EP2 IN -1bytes seq=2477
20:23:47.283 [CTRL] EP0 OUT 0bytes req=0x1
20:23:47.291 [CTRL] EP0 OUT 0bytes req=0x1
20:23:47.336 [INTR] EP1 IN -1bytes seq=2487
20:23:47.347 [CTRL] EP0 OUT 0bytes req=0x1
20:23:48.105 [BULK] EP2 IN -1bytes seq=2491
20:23:48.123 [CTRL] EP0 OUT 0bytes req=0x1
20:23:48.201 [BULK] EP2 IN -1bytes seq=2495
20:23:48.223 [CTRL] EP0 OUT 0bytes req=0x1
20:23:48.232 [BULK] EP2 IN -1bytes seq=2499
20:23:48.241 [CTRL] EP0 OUT 0bytes req=0x1
20:23:48.296 [BULK] EP2 IN -1bytes seq=2501
20:23:48.296 [BULK] EP2 IN -1bytes seq=2507
20:23:48.306 [CTRL] EP0 OUT 0bytes req=0x1
20:23:48.313 [CTRL] EP0 OUT 0bytes req=0x1
20:23:48.360 [BULK] EP2 IN -1bytes seq=2511
20:23:48.369 [CTRL] EP0 OUT 0bytes req=0x1
20:23:49.130 [BULK] EP2 IN -1bytes seq=2515
20:23:49.152 [CTRL] EP0 OUT 0bytes req=0x1
20:23:49.225 [BULK] EP2 IN -1bytes seq=2519
20:23:49.238 [CTRL] EP0 OUT 0bytes req=0x1
20:23:49.256 [BULK] EP2 IN -1bytes seq=2523
20:23:49.264 [CTRL] EP0 OUT 0bytes req=0x1
20:23:49.320 [BULK] EP2 IN -1bytes seq=2525
20:23:49.320 [INTR] EP1 IN -1bytes seq=2531
20:23:49.330 [CTRL] EP0 OUT 0bytes req=0x1
20:23:49.338 [CTRL] EP0 OUT 0bytes req=0x1
20:23:49.384 [BULK] EP2 IN -1bytes seq=2535
20:23:49.389 [BULK] EP2 IN 18bytes seq=2539
20:23:49.400 [CTRL] EP0 OUT 0bytes req=0x1
20:23:50.249 [BULK] EP2 IN -1bytes seq=2543
20:23:50.271 [CTRL] EP0 OUT 0bytes req=0x1
20:23:50.280 [BULK] EP2 IN -1bytes seq=2547
20:23:50.287 [CTRL] EP0 OUT 0bytes req=0x1
20:23:50.344 [BULK] EP2 IN -1bytes seq=2555
20:23:50.344 [BULK] EP2 IN -1bytes seq=2549
20:23:50.353 [CTRL] EP0 OUT 0bytes req=0x1
20:23:50.360 [CTRL] EP0 OUT 0bytes req=0x1
20:23:50.408 [BULK] EP2 IN -1bytes seq=2567
20:23:50.408 [BULK] EP2 IN -1bytes seq=2563
20:23:50.417 [CTRL] EP0 OUT 0bytes req=0x1
20:23:50.424 [CTRL] EP0 OUT 0bytes req=0x1
20:23:51.273 [BULK] EP2 IN -1bytes seq=2571
20:23:51.285 [CTRL] EP0 OUT 0bytes req=0x1
20:23:51.308 [BULK] EP2 IN -1bytes seq=2575
20:23:51.327 [CTRL] EP0 OUT 0bytes req=0x1
20:23:51.368 [BULK] EP2 IN -1bytes seq=2583
20:23:51.369 [INTR] EP1 IN -1bytes seq=2577
20:23:51.381 [CTRL] EP0 OUT 0bytes req=0x1
20:23:51.389 [CTRL] EP0 OUT 0bytes req=0x1
20:23:51.436 [BULK] EP2 IN -1bytes seq=2585
20:23:51.436 [BULK] EP2 IN -1bytes seq=2589
20:23:51.446 [CTRL] EP0 OUT 0bytes req=0x1
20:23:51.453 [CTRL] EP0 OUT 0bytes req=0x1
20:23:52.297 [BULK] EP2 IN -1bytes seq=2593
20:23:52.311 [CTRL] EP0 OUT 0bytes req=0x1
20:23:52.328 [BULK] EP2 IN -1bytes seq=2597
20:23:52.339 [CTRL] EP0 OUT 0bytes req=0x1
20:23:52.392 [BULK] EP2 IN -1bytes seq=2599
20:23:52.392 [BULK] EP2 IN -1bytes seq=2605
20:23:52.400 [CTRL] EP0 OUT 0bytes req=0x1
20:23:52.408 [CTRL] EP0 OUT 0bytes req=0x1
20:23:52.456 [BULK] EP2 IN -1bytes seq=2607
20:23:52.456 [BULK] EP2 IN -1bytes seq=2613
20:23:52.466 [CTRL] EP0 OUT 0bytes req=0x1
20:23:52.472 [CTRL] EP0 OUT 0bytes req=0x1
20:23:53.321 [BULK] EP2 IN -1bytes seq=2617
20:23:53.336 [CTRL] EP0 OUT 0bytes req=0x1
20:23:53.352 [BULK] EP2 IN -1bytes seq=2621
20:23:53.366 [CTRL] EP0 OUT 0bytes req=0x1
20:23:53.416 [INTR] EP1 IN -1bytes seq=2623
20:23:53.416 [BULK] EP2 IN -1bytes seq=2629
20:23:53.424 [CTRL] EP0 OUT 0bytes req=0x1
20:23:53.430 [CTRL] EP0 OUT 0bytes req=0x1
20:23:53.484 [BULK] EP2 IN -1bytes seq=2645
20:23:53.485 [BULK] EP2 IN -1bytes seq=2631
20:23:53.494 [CTRL] EP0 OUT 0bytes req=0x1
20:23:53.501 [CTRL] EP0 OUT 0bytes req=0x1
20:23:54.345 [BULK] EP2 IN -1bytes seq=2649
20:23:54.358 [CTRL] EP0 OUT 0bytes req=0x1
20:23:54.376 [BULK] EP2 IN -1bytes seq=2653
20:23:54.386 [CTRL] EP0 OUT 0bytes req=0x1
20:23:54.440 [BULK] EP2 IN -1bytes seq=2661
20:23:54.440 [BULK] EP2 IN -1bytes seq=2655
20:23:54.451 [CTRL] EP0 OUT 0bytes req=0x1
20:23:54.462 [CTRL] EP0 OUT 0bytes req=0x1
20:23:54.504 [BULK] EP2 IN -1bytes seq=2663
20:23:54.504 [BULK] EP2 IN -1bytes seq=2669
20:23:54.515 [BULK] EP2 IN 16bytes seq=2673
20:23:54.516 [CTRL] EP0 OUT 0bytes req=0x1
20:23:54.523 [CTRL] EP0 OUT 0bytes req=0x1
20:23:55.400 [INTR] EP1 IN -1bytes seq=2677
20:23:55.415 [CTRL] EP0 OUT 0bytes req=0x1
20:23:55.464 [BULK] EP2 IN -1bytes seq=2679
20:23:55.464 [BULK] EP2 IN -1bytes seq=2685
20:23:55.472 [CTRL] EP0 OUT 0bytes req=0x1
20:23:55.480 [CTRL] EP0 OUT 0bytes req=0x1
20:23:55.528 [BULK] EP2 IN -1bytes seq=2701
20:23:55.528 [BULK] EP2 IN -1bytes seq=2687
20:23:55.528 [BULK] EP2 IN -1bytes seq=2697
20:23:55.536 [CTRL] EP0 OUT 0bytes req=0x1
20:23:55.543 [CTRL] EP0 OUT 0bytes req=0x1
20:23:55.549 [CTRL] EP0 OUT 0bytes req=0x1
20:23:56.426 [BULK] EP2 IN -1bytes seq=2705
20:23:56.439 [CTRL] EP0 OUT 0bytes req=0x1
20:23:56.488 [BULK] EP2 IN -1bytes seq=2707
20:23:56.488 [BULK] EP2 IN -1bytes seq=2713
20:23:56.498 [CTRL] EP0 OUT 0bytes req=0x1
20:23:56.506 [CTRL] EP0 OUT 0bytes req=0x1
20:23:56.552 [BULK] EP2 IN -1bytes seq=2715
20:23:56.552 [BULK] EP2 IN -1bytes seq=2719
20:23:56.552 [INTR] EP1 IN -1bytes seq=2723
20:23:56.559 [CTRL] EP0 OUT 0bytes req=0x1
20:23:56.567 [CTRL] EP0 OUT 0bytes req=0x1
20:23:56.574 [CTRL] EP0 OUT 0bytes req=0x1
20:23:57.449 [BULK] EP2 IN -1bytes seq=2727
20:23:57.465 [CTRL] EP0 OUT 0bytes req=0x1
20:23:57.512 [BULK] EP2 IN -1bytes seq=2729
20:23:57.512 [BULK] EP2 IN -1bytes seq=2735
20:23:57.523 [CTRL] EP0 OUT 0bytes req=0x1
20:23:57.531 [CTRL] EP0 OUT 0bytes req=0x1
20:23:57.576 [BULK] EP2 IN -1bytes seq=2747
20:23:57.576 [BULK] EP2 IN -1bytes seq=2739
20:23:57.576 [BULK] EP2 IN -1bytes seq=2737
20:23:57.588 [CTRL] EP0 OUT 0bytes req=0x1
20:23:57.597 [CTRL] EP0 OUT 0bytes req=0x1
20:23:57.605 [CTRL] EP0 OUT 0bytes req=0x1
20:23:58.473 [BULK] EP2 IN -1bytes seq=2751
20:23:58.482 [CTRL] EP0 OUT 0bytes req=0x1
20:23:58.536 [INTR] EP1 IN -1bytes seq=2759
20:23:58.536 [BULK] EP2 IN -1bytes seq=2753
20:23:58.556 [CTRL] EP0 OUT 0bytes req=0x1
20:23:58.560 [CTRL] EP0 OUT 0bytes req=0x1
20:23:58.604 [BULK] EP2 IN -1bytes seq=2771
20:23:58.604 [BULK] EP2 IN -1bytes seq=2761
20:23:58.604 [BULK] EP2 IN -1bytes seq=2763
20:23:58.610 [BULK] EP2 IN 18bytes seq=2775
20:23:58.612 [CTRL] EP0 OUT 0bytes req=0x1
20:23:58.616 [CTRL] EP0 OUT 0bytes req=0x1
20:23:58.621 [CTRL] EP0 OUT 0bytes req=0x1
20:23:59.561 [BULK] EP2 IN -1bytes seq=2783
20:23:59.561 [BULK] EP2 IN -1bytes seq=2777
20:23:59.578 [CTRL] EP0 OUT 0bytes req=0x1
20:23:59.587 [CTRL] EP0 OUT 0bytes req=0x1
20:23:59.624 [INTR] EP1 IN -1bytes seq=2807
20:23:59.627 [BULK] EP2 IN -1bytes seq=2787
20:23:59.627 [BULK] EP2 IN -1bytes seq=2785
20:23:59.627 [BULK] EP2 IN -1bytes seq=2799
20:23:59.633 [BULK] EP2 IN 6bytes seq=2809
20:23:59.645 [CTRL] EP0 OUT 0bytes req=0x1
20:23:59.650 [CTRL] EP0 OUT 0bytes req=0x1
20:23:59.657 [CTRL] EP0 OUT 0bytes req=0x1
20:23:59.663 [CTRL] EP0 OUT 0bytes req=0x1
20:24:00.590 [BULK] EP2 IN -1bytes seq=2815
20:24:00.605 [CTRL] EP0 OUT 0bytes req=0x1
20:24:00.648 [BULK] EP2 IN -1bytes seq=2837
20:24:00.648 [BULK] EP2 IN -1bytes seq=2819
20:24:00.648 [BULK] EP2 IN -1bytes seq=2817
20:24:00.649 [BULK] EP2 IN -1bytes seq=2839
20:24:00.648 [BULK] EP2 IN -1bytes seq=2821
20:24:00.663 [CTRL] EP0 OUT 0bytes req=0x1
20:24:00.670 [CTRL] EP0 OUT 0bytes req=0x1
20:24:00.676 [CTRL] EP0 OUT 0bytes req=0x1
20:24:00.682 [CTRL] EP0 OUT 0bytes req=0x1
20:24:00.688 [CTRL] EP0 OUT 0bytes req=0x1
20:24:01.610 [INTR] EP1 IN -1bytes seq=2845
20:24:01.625 [CTRL] EP0 OUT 0bytes req=0x1
20:24:01.673 [BULK] EP2 IN -1bytes seq=2855
20:24:01.673 [BULK] EP2 IN -1bytes seq=2863
20:24:01.673 [BULK] EP2 IN -1bytes seq=2847
20:24:01.673 [BULK] EP2 IN -1bytes seq=2849
20:24:01.673 [BULK] EP2 IN -1bytes seq=2851
20:24:01.691 [CTRL] EP0 OUT 0bytes req=0x1
20:24:01.694 [BULK] EP2 IN 1bytes seq=2867
20:24:01.698 [CTRL] EP0 OUT 0bytes req=0x1
20:24:01.704 [CTRL] EP0 OUT 0bytes req=0x1
20:24:01.710 [CTRL] EP0 OUT 0bytes req=0x1
20:24:01.718 [CTRL] EP0 OUT 0bytes req=0x1
20:24:02.698 [BULK] EP2 IN -1bytes seq=2871
20:24:02.699 [INTR] EP1 IN -1bytes seq=2891
20:24:02.700 [BULK] EP2 IN -1bytes seq=2869
20:24:02.701 [BULK] EP2 IN -1bytes seq=2873
20:24:02.701 [BULK] EP2 IN -1bytes seq=2875
20:24:02.700 [BULK] EP2 IN -1bytes seq=2895
20:24:02.712 [CTRL] EP0 OUT 0bytes req=0x1
20:24:02.718 [CTRL] EP0 OUT 0bytes req=0x1
20:24:02.724 [CTRL] EP0 OUT 0bytes req=0x1
20:24:02.731 [CTRL] EP0 OUT 0bytes req=0x1
20:24:02.737 [CTRL] EP0 OUT 0bytes req=0x1
20:24:02.742 [CTRL] EP0 OUT 0bytes req=0x1
20:24:03.722 [BULK] EP2 IN -1bytes seq=2897
20:24:03.723 [BULK] EP2 IN -1bytes seq=2905
20:24:03.723 [BULK] EP2 IN -1bytes seq=2907
20:24:03.722 [BULK] EP2 IN -1bytes seq=2921
20:24:03.724 [BULK] EP2 IN -1bytes seq=2903
20:24:03.725 [BULK] EP2 IN -1bytes seq=2901
20:24:03.744 [CTRL] EP0 OUT 0bytes req=0x1
20:24:03.750 [CTRL] EP0 OUT 0bytes req=0x1
20:24:03.758 [CTRL] EP0 OUT 0bytes req=0x1
20:24:03.768 [CTRL] EP0 OUT 0bytes req=0x1
20:24:03.779 [CTRL] EP0 OUT 0bytes req=0x1
20:24:03.790 [CTRL] EP0 OUT 0bytes req=0x1
20:24:04.746 [INTR] EP1 IN -1bytes seq=2923
20:24:04.746 [BULK] EP2 IN -1bytes seq=2933
20:24:04.746 [BULK] EP2 IN -1bytes seq=2927
20:24:04.746 [BULK] EP2 IN -1bytes seq=2945
20:24:04.746 [BULK] EP2 IN -1bytes seq=2929
20:24:04.746 [BULK] EP2 IN -1bytes seq=2925
20:24:04.765 [CTRL] EP0 OUT 0bytes req=0x1
20:24:04.771 [CTRL] EP0 OUT 0bytes req=0x1
20:24:04.777 [CTRL] EP0 OUT 0bytes req=0x1
20:24:04.784 [CTRL] EP0 OUT 0bytes req=0x1
20:24:04.790 [CTRL] EP0 OUT 0bytes req=0x1
20:24:04.797 [CTRL] EP0 OUT 0bytes req=0x1
20:24:05.769 [BULK] EP2 IN -1bytes seq=2953
20:24:05.771 [BULK] EP2 IN -1bytes seq=2955
20:24:05.771 [BULK] EP2 IN -1bytes seq=2969
20:24:05.770 [BULK] EP2 IN -1bytes seq=2949
20:24:05.769 [BULK] EP2 IN -1bytes seq=2947
20:24:05.769 [BULK] EP2 IN -1bytes seq=2951
20:24:05.789 [CTRL] EP0 OUT 0bytes req=0x1
20:24:05.797 [CTRL] EP0 OUT 0bytes req=0x1
20:24:05.807 [CTRL] EP0 OUT 0bytes req=0x1
20:24:05.817 [CTRL] EP0 OUT 0bytes req=0x1
20:24:05.830 [CTRL] EP0 OUT 0bytes req=0x1
20:24:05.840 [CTRL] EP0 OUT 0bytes req=0x1
20:24:06.793 [BULK] EP2 IN -1bytes seq=2973
20:24:06.793 [BULK] EP2 IN -1bytes seq=2975
20:24:06.793 [BULK] EP2 IN -1bytes seq=2977
20:24:06.793 [BULK] EP2 IN -1bytes seq=2993
20:24:06.793 [INTR] EP1 IN -1bytes seq=2971
20:24:06.794 [BULK] EP2 IN -1bytes seq=2979
20:24:06.810 [CTRL] EP0 OUT 0bytes req=0x1
20:24:06.815 [CTRL] EP0 OUT 0bytes req=0x1
20:24:06.822 [CTRL] EP0 OUT 0bytes req=0x1
20:24:06.829 [CTRL] EP0 OUT 0bytes req=0x1
20:24:06.837 [CTRL] EP0 OUT 0bytes req=0x1
20:24:06.843 [CTRL] EP0 OUT 0bytes req=0x1
20:24:07.817 [BULK] EP2 IN -1bytes seq=3003
20:24:07.817 [BULK] EP2 IN -1bytes seq=2999
20:24:07.817 [BULK] EP2 IN -1bytes seq=3001
20:24:07.818 [BULK] EP2 IN -1bytes seq=3021
20:24:07.817 [BULK] EP2 IN -1bytes seq=2997
20:24:07.817 [BULK] EP2 IN -1bytes seq=2995
20:24:07.832 [CTRL] EP0 OUT 0bytes req=0x1
20:24:07.838 [CTRL] EP0 OUT 0bytes req=0x1
20:24:07.844 [CTRL] EP0 OUT 0bytes req=0x1
20:24:07.850 [CTRL] EP0 OUT 0bytes req=0x1
20:24:07.858 [CTRL] EP0 OUT 0bytes req=0x1
20:24:07.865 [CTRL] EP0 OUT 0bytes req=0x1
20:24:08.842 [BULK] EP2 IN -1bytes seq=3033
20:24:08.842 [BULK] EP2 IN -1bytes seq=3025
20:24:08.842 [BULK] EP2 IN -1bytes seq=3031
20:24:08.842 [BULK] EP2 IN -1bytes seq=3023
20:24:08.843 [INTR] EP1 IN -1bytes seq=3029
20:24:08.843 [BULK] EP2 IN -1bytes seq=3049
20:24:08.863 [CTRL] EP0 OUT 0bytes req=0x1
20:24:08.870 [CTRL] EP0 OUT 0bytes req=0x1
20:24:08.877 [CTRL] EP0 OUT 0bytes req=0x1
20:24:08.887 [CTRL] EP0 OUT 0bytes req=0x1
20:24:08.900 [CTRL] EP0 OUT 0bytes req=0x1
20:24:08.918 [CTRL] EP0 OUT 0bytes req=0x1
20:24:09.865 [BULK] EP2 IN -1bytes seq=3059
20:24:09.865 [BULK] EP2 IN -1bytes seq=3073
20:24:09.865 [BULK] EP2 IN -1bytes seq=3055
20:24:09.866 [BULK] EP2 IN -1bytes seq=3053
20:24:09.866 [BULK] EP2 IN -1bytes seq=3057
20:24:09.868 [BULK] EP2 IN -1bytes seq=3051
20:24:09.886 [CTRL] EP0 OUT 0bytes req=0x1
20:24:09.892 [CTRL] EP0 OUT 0bytes req=0x1
20:24:09.899 [CTRL] EP0 OUT 0bytes req=0x1
20:24:09.905 [CTRL] EP0 OUT 0bytes req=0x1
20:24:09.911 [CTRL] EP0 OUT 0bytes req=0x1
20:24:09.919 [CTRL] EP0 OUT 0bytes req=0x1
20:24:10.889 [BULK] EP2 IN -1bytes seq=3081
20:24:10.889 [INTR] EP1 IN -1bytes seq=3075
20:24:10.890 [BULK] EP2 IN -1bytes seq=3079
20:24:10.890 [BULK] EP2 IN -1bytes seq=3083
20:24:10.889 [BULK] EP2 IN -1bytes seq=3097
20:24:10.891 [BULK] EP2 IN -1bytes seq=3077
20:24:10.911 [CTRL] EP0 OUT 0bytes req=0x1
20:24:10.919 [CTRL] EP0 OUT 0bytes req=0x1
20:24:10.925 [CTRL] EP0 OUT 0bytes req=0x1
20:24:10.936 [CTRL] EP0 OUT 0bytes req=0x1
20:24:10.943 [CTRL] EP0 OUT 0bytes req=0x1
20:24:10.950 [CTRL] EP0 OUT 0bytes req=0x1
20:24:11.912 [BULK] EP2 IN -1bytes seq=3107
20:24:11.913 [BULK] EP2 IN -1bytes seq=3099
20:24:11.912 [BULK] EP2 IN -1bytes seq=3103
20:24:11.912 [BULK] EP2 IN -1bytes seq=3105
20:24:11.913 [BULK] EP2 IN -1bytes seq=3101
20:24:11.913 [INTR] EP1 IN -1bytes seq=3119
20:24:11.927 [CTRL] EP0 OUT 0bytes req=0x1
20:24:11.933 [CTRL] EP0 OUT 0bytes req=0x1
20:24:11.937 [CTRL] EP0 OUT 0bytes req=0x1
20:24:11.944 [CTRL] EP0 OUT 0bytes req=0x1
20:24:11.949 [CTRL] EP0 OUT 0bytes req=0x1
20:24:11.956 [CTRL] EP0 OUT 0bytes req=0x1
